Base path: 'D:/Unity Setup (2)/2019.3.9f1/Editor/Data', plugins path 'D:/Unity Setup (2)/2019.3.9f1/Editor/Data/PlaybackEngines'
Cmd: initializeCompiler
Cmd: compileComputeKernel
  api=18 insize=12470 outsize=6650 ok=1
Cmd: compileComputeKernel
  api=9 insize=12470 outsize=2911 ok=1
Cmd: compileComputeKernel
  api=4 insize=12470 outsize=1558 ok=1
Cmd: compileComputeKernel
  api=4 insize=12470 outsize=1046 ok=1
Cmd: compileComputeKernel
  api=4 insize=12470 outsize=1027 ok=1
Cmd: compileComputeKernel
  api=4 insize=12470 outsize=1126 ok=1
Cmd: compileComputeKernel
  api=4 insize=12470 outsize=1863 ok=1
Cmd: compileComputeKernel
  api=4 insize=12470 outsize=1971 ok=1
Cmd: compileComputeKernel
  api=4 insize=12470 outsize=1579 ok=1
Cmd: compileComputeKernel
  api=4 insize=12470 outsize=2479 ok=1
Cmd: compileComputeKernel
  api=4 insize=12470 outsize=1364 ok=1
Cmd: compileComputeKernel
  api=18 insize=12520 outsize=7311 ok=1
Cmd: compileComputeKernel
  api=18 insize=12520 outsize=7295 ok=1
Cmd: compileComputeKernel
  api=18 insize=12520 outsize=7303 ok=1
Cmd: compileComputeKernel
  api=18 insize=12520 outsize=7372 ok=1
Cmd: compileComputeKernel
  api=18 insize=12520 outsize=7369 ok=1
Cmd: compileComputeKernel
  api=18 insize=12520 outsize=7365 ok=1
Cmd: compileComputeKernel
  api=18 insize=12520 outsize=7993 ok=1
Cmd: compileComputeKernel
  api=9 insize=12520 outsize=3939 ok=1
Cmd: compileComputeKernel
  api=9 insize=12520 outsize=3939 ok=1
Cmd: compileComputeKernel
  api=9 insize=12520 outsize=4704 ok=1
Cmd: compileComputeKernel
  api=9 insize=12520 outsize=3943 ok=1
Cmd: compileComputeKernel
  api=9 insize=12520 outsize=4129 ok=1
Cmd: compileComputeKernel
  api=9 insize=12520 outsize=3983 ok=1
Cmd: compileComputeKernel
  api=9 insize=12520 outsize=3989 ok=1
Cmd: compileComputeKernel
  api=9 insize=12520 outsize=4225 ok=1
Cmd: compileComputeKernel
  api=9 insize=12520 outsize=4226 ok=1
Cmd: compileComputeKernel
  api=4 insize=12520 outsize=1823 ok=1
Cmd: compileComputeKernel
  api=4 insize=12520 outsize=1819 ok=1
Cmd: compileComputeKernel
  api=4 insize=12520 outsize=2259 ok=1
Cmd: compileComputeKernel
  api=4 insize=12520 outsize=1819 ok=1
Cmd: compileComputeKernel
  api=4 insize=12520 outsize=1974 ok=1
Cmd: compileComputeKernel
  api=4 insize=12520 outsize=1851 ok=1
Cmd: compileComputeKernel
  api=4 insize=12520 outsize=1848 ok=1
Cmd: compileComputeKernel
  api=4 insize=12520 outsize=1853 ok=1
Cmd: compileComputeKernel
  api=4 insize=12520 outsize=1849 ok=1
Cmd: compileComputeKernel
  api=4 insize=12520 outsize=1997 ok=1
Cmd: compileComputeKernel
  api=4 insize=12520 outsize=1998 ok=1
Cmd: compileComputeKernel
  api=4 insize=12520 outsize=1998 ok=1
Cmd: compileComputeKernel
  api=18 insize=20339 outsize=8549 ok=1
Cmd: compileComputeKernel
  api=18 insize=20339 outsize=14351 ok=1
Cmd: compileComputeKernel
  api=18 insize=20339 outsize=14207 ok=1
Cmd: compileComputeKernel
  api=18 insize=20339 outsize=22385 ok=1
Cmd: compileComputeKernel
  api=9 insize=20339 outsize=7231 ok=1
Cmd: compileComputeKernel
  api=9 insize=20339 outsize=7086 ok=1
Cmd: compileComputeKernel
  api=9 insize=20339 outsize=11405 ok=1
Cmd: compileComputeKernel
  api=4 insize=20339 outsize=2133 ok=1
Cmd: compileComputeKernel
  api=4 insize=20339 outsize=3171 ok=1
Cmd: compileComputeKernel
  api=4 insize=20339 outsize=3056 ok=1
Cmd: compileComputeKernel
  api=4 insize=20339 outsize=5237 ok=1
Cmd: compileComputeKernel
  api=18 insize=61144 outsize=12482 ok=1
Cmd: compileComputeKernel
  api=18 insize=61144 outsize=11176 ok=1
Cmd: compileComputeKernel
  api=18 insize=61144 outsize=12396 ok=1
Cmd: compileComputeKernel
  api=18 insize=61144 outsize=6959 ok=1
Cmd: compileComputeKernel
  api=18 insize=61144 outsize=10915 ok=1
Cmd: compileComputeKernel
  api=18 insize=61144 outsize=7797 ok=1
Cmd: compileComputeKernel
  api=18 insize=61144 outsize=9389 ok=1
Cmd: compileComputeKernel
  api=18 insize=61144 outsize=6219 ok=1
Cmd: compileComputeKernel
  api=18 insize=61144 outsize=7339 ok=1
Cmd: compileComputeKernel
  api=18 insize=61144 outsize=6846 ok=1
Cmd: compileComputeKernel
  api=18 insize=61144 outsize=6056 ok=1
Cmd: compileComputeKernel
  api=18 insize=61144 outsize=5947 ok=1
Cmd: compileComputeKernel
  api=18 insize=61144 outsize=6181 ok=1
Cmd: compileComputeKernel
  api=18 insize=61144 outsize=7338 ok=1
Cmd: compileComputeKernel
  api=18 insize=61144 outsize=6135 ok=1
Cmd: compileComputeKernel
  api=18 insize=61144 outsize=6159 ok=1
Cmd: compileComputeKernel
  api=18 insize=61144 outsize=8089 ok=1
Cmd: compileComputeKernel
  api=18 insize=61144 outsize=6019 ok=1
Cmd: compileComputeKernel
  api=18 insize=61144 outsize=5956 ok=1
Cmd: compileComputeKernel
  api=18 insize=61144 outsize=6195 ok=1
Cmd: compileComputeKernel
  api=18 insize=61144 outsize=8051 ok=1
Cmd: compileComputeKernel
  api=18 insize=61144 outsize=8051 ok=1
Cmd: compileComputeKernel
  api=18 insize=61144 outsize=9491 ok=1
Cmd: compileComputeKernel
  api=18 insize=61144 outsize=8059 ok=1
Cmd: compileComputeKernel
  api=18 insize=61144 outsize=8123 ok=1
Cmd: compileComputeKernel
  api=18 insize=61144 outsize=8120 ok=1
Cmd: compileComputeKernel
  api=18 insize=61144 outsize=8121 ok=1
Cmd: compileComputeKernel
  api=18 insize=61144 outsize=8750 ok=1
Cmd: compileComputeKernel
  api=18 insize=61144 outsize=6101 ok=1
Cmd: compileComputeKernel
  api=18 insize=61144 outsize=5877 ok=1
Cmd: compileComputeKernel
  api=18 insize=61144 outsize=6094 ok=1
Cmd: compileComputeKernel
  api=18 insize=61144 outsize=15408 ok=1
Cmd: compileComputeKernel
  api=18 insize=61144 outsize=7278 ok=1
Cmd: compileComputeKernel
  api=18 insize=61144 outsize=8000 ok=1
Cmd: compileComputeKernel
  api=18 insize=61144 outsize=6455 ok=1
Cmd: compileComputeKernel
  api=9 insize=61144 outsize=3737 ok=1
Cmd: compileComputeKernel
  api=9 insize=61144 outsize=21763 ok=1
Cmd: compileComputeKernel
  api=9 insize=61144 outsize=3445 ok=1
Cmd: compileComputeKernel
  api=9 insize=61144 outsize=5287 ok=1
Cmd: compileComputeKernel
  api=9 insize=61144 outsize=3673 ok=1
Cmd: compileComputeKernel
  api=9 insize=61144 outsize=4389 ok=1
Cmd: compileComputeKernel
  api=9 insize=61144 outsize=3148 ok=1
Cmd: compileComputeKernel
  api=9 insize=61144 outsize=3654 ok=1
Cmd: compileComputeKernel
  api=9 insize=61144 outsize=3708 ok=1
Cmd: compileComputeKernel
  api=9 insize=61144 outsize=3448 ok=1
Cmd: compileComputeKernel
  api=9 insize=61144 outsize=3448 ok=1
Cmd: compileComputeKernel
  api=9 insize=61144 outsize=2997 ok=1
Cmd: compileComputeKernel
  api=9 insize=61144 outsize=3014 ok=1
Cmd: compileComputeKernel
  api=9 insize=61144 outsize=3565 ok=1
Cmd: compileComputeKernel
  api=9 insize=61144 outsize=3118 ok=1
Cmd: compileComputeKernel
  api=9 insize=61144 outsize=3043 ok=1
Cmd: compileComputeKernel
  api=9 insize=61144 outsize=3095 ok=1
Cmd: compileComputeKernel
  api=9 insize=61144 outsize=3331 ok=1
Cmd: compileComputeKernel
  api=9 insize=61144 outsize=3001 ok=1
Cmd: compileComputeKernel
  api=9 insize=61144 outsize=3106 ok=1
Cmd: compileComputeKernel
  api=9 insize=61144 outsize=3780 ok=1
Cmd: compileComputeKernel
  api=9 insize=61144 outsize=4198 ok=1
Cmd: compileComputeKernel
  api=9 insize=61144 outsize=4198 ok=1
Cmd: compileComputeKernel
  api=9 insize=61144 outsize=4202 ok=1
Cmd: compileComputeKernel
  api=9 insize=61144 outsize=4202 ok=1
Cmd: compileComputeKernel
  api=9 insize=61144 outsize=4248 ok=1
Cmd: compileComputeKernel
  api=9 insize=61144 outsize=4245 ok=1
Cmd: compileComputeKernel
  api=9 insize=61144 outsize=4484 ok=1
Cmd: compileComputeKernel
  api=9 insize=61144 outsize=4485 ok=1
Cmd: compileComputeKernel
  api=9 insize=61144 outsize=2994 ok=1
Cmd: compileComputeKernel
  api=9 insize=61144 outsize=3164 ok=1
Cmd: compileComputeKernel
  api=9 insize=61144 outsize=4544 ok=1
Cmd: compileComputeKernel
  api=9 insize=61144 outsize=6835 ok=1
Cmd: compileComputeKernel
  api=9 insize=61144 outsize=3958 ok=1
Cmd: compileComputeKernel
  api=9 insize=61144 outsize=3107 ok=1
Cmd: compileComputeKernel
  api=9 insize=61144 outsize=5405 ok=1
Cmd: compileComputeKernel
  api=4 insize=61144 outsize=10915 ok=1
Cmd: compileComputeKernel
  api=4 insize=61144 outsize=1579 ok=1
Cmd: compileComputeKernel
  api=4 insize=61144 outsize=2479 ok=1
Cmd: compileComputeKernel
  api=4 insize=61144 outsize=2041 ok=1
Cmd: compileComputeKernel
  api=4 insize=61144 outsize=2029 ok=1
Cmd: compileComputeKernel
  api=4 insize=61144 outsize=1495 ok=1
Cmd: compileComputeKernel
  api=4 insize=61144 outsize=1597 ok=1
Cmd: compileComputeKernel
  api=4 insize=61144 outsize=3335 ok=1
Cmd: compileComputeKernel
  api=4 insize=61144 outsize=1610 ok=1
Cmd: compileComputeKernel
  api=4 insize=61144 outsize=1324 ok=1
Cmd: compileComputeKernel
  api=4 insize=61144 outsize=1369 ok=1
Cmd: compileComputeKernel
  api=4 insize=61144 outsize=1631 ok=1
Cmd: compileComputeKernel
  api=4 insize=61144 outsize=1520 ok=1
Cmd: compileComputeKernel
  api=4 insize=61144 outsize=1383 ok=1
Cmd: compileComputeKernel
  api=4 insize=61144 outsize=1465 ok=1
Cmd: compileComputeKernel
  api=4 insize=61144 outsize=1359 ok=1
Cmd: compileComputeKernel
  api=4 insize=61144 outsize=1547 ok=1
Cmd: compileComputeKernel
  api=4 insize=61144 outsize=1311 ok=1
Cmd: compileComputeKernel
  api=4 insize=61144 outsize=1311 ok=1
Cmd: compileComputeKernel
  api=4 insize=61144 outsize=1777 ok=1
Cmd: compileComputeKernel
  api=4 insize=61144 outsize=1387 ok=1
Cmd: compileComputeKernel
  api=4 insize=61144 outsize=1364 ok=1
Cmd: compileComputeKernel
  api=4 insize=61144 outsize=1819 ok=1
Cmd: compileComputeKernel
  api=4 insize=61144 outsize=1819 ok=1
Cmd: compileComputeKernel
  api=4 insize=61144 outsize=1819 ok=1
Cmd: compileComputeKernel
  api=4 insize=61144 outsize=1856 ok=1
Cmd: compileComputeKernel
  api=4 insize=61144 outsize=1848 ok=1
Cmd: compileComputeKernel
  api=4 insize=61144 outsize=1849 ok=1
Cmd: compileComputeKernel
  api=4 insize=61144 outsize=1998 ok=1
Cmd: compileComputeKernel
  api=4 insize=61144 outsize=1998 ok=1
Cmd: compileComputeKernel
  api=4 insize=61144 outsize=1341 ok=1
Cmd: compileComputeKernel
  api=4 insize=61144 outsize=2026 ok=1
Cmd: compileComputeKernel
  api=4 insize=61144 outsize=3368 ok=1
Cmd: compileComputeKernel
  api=4 insize=61144 outsize=1680 ok=1
Cmd: compileComputeKernel
  api=4 insize=61144 outsize=1427 ok=1
Cmd: compileComputeKernel
  api=18 insize=75405 outsize=11993 ok=1
Cmd: compileComputeKernel
  api=18 insize=75405 outsize=35533 ok=1
Cmd: compileComputeKernel
  api=18 insize=75405 outsize=21212 ok=1
Cmd: compileComputeKernel
  api=18 insize=75405 outsize=13896 ok=1
Cmd: compileComputeKernel
  api=18 insize=75405 outsize=13896 ok=1
Cmd: compileComputeKernel
  api=18 insize=75405 outsize=26020 ok=1
Cmd: compileComputeKernel
  api=9 insize=75405 outsize=6245 ok=1
Cmd: compileComputeKernel
  api=9 insize=75405 outsize=6245 ok=1
Cmd: compileComputeKernel
  api=9 insize=75405 outsize=16789 ok=1
Cmd: compileComputeKernel
  api=9 insize=75405 outsize=7113 ok=1
Cmd: compileComputeKernel
  api=9 insize=75405 outsize=7113 ok=1
Cmd: compileComputeKernel
  api=9 insize=75405 outsize=12541 ok=1
Cmd: compileComputeKernel
  api=4 insize=75405 outsize=12637 ok=1
Cmd: compileComputeKernel
  api=4 insize=75405 outsize=7893 ok=1
Cmd: compileComputeKernel
  api=18 insize=34823 outsize=2269 ok=1
Cmd: compileComputeKernel
  api=18 insize=34823 outsize=2310 ok=1
Cmd: compileComputeKernel
  api=18 insize=34823 outsize=2439 ok=1
Cmd: compileComputeKernel
  api=18 insize=34823 outsize=4052 ok=1
Cmd: compileComputeKernel
  api=18 insize=34823 outsize=3407 ok=1
Cmd: compileComputeKernel
  api=18 insize=34823 outsize=2609 ok=1
Cmd: compileComputeKernel
  api=18 insize=34823 outsize=3914 ok=1
Cmd: compileComputeKernel
  api=18 insize=34823 outsize=3245 ok=1
Cmd: compileComputeKernel
  api=18 insize=34823 outsize=3245 ok=1
Cmd: compileComputeKernel
  api=18 insize=34823 outsize=3425 ok=1
Cmd: compileComputeKernel
  api=18 insize=34823 outsize=2516 ok=1
Cmd: compileComputeKernel
  api=18 insize=34823 outsize=3664 ok=1
Cmd: compileComputeKernel
  api=18 insize=34823 outsize=5605 ok=1
Cmd: compileComputeKernel
  api=18 insize=34823 outsize=5678 ok=1
Cmd: compileComputeKernel
  api=18 insize=34823 outsize=6043 ok=1
Cmd: compileComputeKernel
  api=18 insize=34823 outsize=6028 ok=1
Cmd: compileComputeKernel
  api=18 insize=34823 outsize=6229 ok=1
Cmd: compileComputeKernel
  api=18 insize=34823 outsize=5595 ok=1
Cmd: compileComputeKernel
  api=18 insize=34823 outsize=5905 ok=1
Cmd: compileComputeKernel
  api=18 insize=34823 outsize=5820 ok=1
Cmd: compileComputeKernel
  api=18 insize=34823 outsize=5479 ok=1
Cmd: compileComputeKernel
  api=18 insize=34823 outsize=5680 ok=1
Cmd: compileComputeKernel
  api=18 insize=34823 outsize=5617 ok=1
Cmd: compileComputeKernel
  api=18 insize=34823 outsize=5637 ok=1
Cmd: compileComputeKernel
  api=18 insize=34823 outsize=6663 ok=1
Cmd: compileComputeKernel
  api=18 insize=34823 outsize=5655 ok=1
Cmd: compileComputeKernel
  api=9 insize=34823 outsize=1773 ok=1
Cmd: compileComputeKernel
  api=9 insize=34823 outsize=1797 ok=1
Cmd: compileComputeKernel
  api=9 insize=34823 outsize=1877 ok=1
Cmd: compileComputeKernel
  api=9 insize=34823 outsize=1915 ok=1
Cmd: compileComputeKernel
  api=9 insize=34823 outsize=2499 ok=1
Cmd: compileComputeKernel
  api=9 insize=34823 outsize=2082 ok=1
Cmd: compileComputeKernel
  api=9 insize=34823 outsize=2210 ok=1
Cmd: compileComputeKernel
  api=9 insize=34823 outsize=1666 ok=1
Cmd: compileComputeKernel
  api=9 insize=34823 outsize=1659 ok=1
Cmd: compileComputeKernel
  api=9 insize=34823 outsize=2009 ok=1
Cmd: compileComputeKernel
  api=9 insize=34823 outsize=1867 ok=1
Cmd: compileComputeKernel
  api=9 insize=34823 outsize=1812 ok=1
Cmd: compileComputeKernel
  api=9 insize=34823 outsize=1525 ok=1
Cmd: compileComputeKernel
  api=9 insize=34823 outsize=1873 ok=1
Cmd: compileComputeKernel
  api=9 insize=34823 outsize=1963 ok=1
Cmd: compileComputeKernel
  api=9 insize=34823 outsize=1934 ok=1
Cmd: compileComputeKernel
  api=9 insize=34823 outsize=2834 ok=1
Cmd: compileComputeKernel
  api=9 insize=34823 outsize=2916 ok=1
Cmd: compileComputeKernel
  api=9 insize=34823 outsize=2872 ok=1
Cmd: compileComputeKernel
  api=9 insize=34823 outsize=2950 ok=1
Cmd: compileComputeKernel
  api=9 insize=34823 outsize=2494 ok=1
Cmd: compileComputeKernel
  api=9 insize=34823 outsize=3160 ok=1
Cmd: compileComputeKernel
  api=9 insize=34823 outsize=3167 ok=1
Cmd: compileComputeKernel
  api=9 insize=34823 outsize=3217 ok=1
Cmd: compileComputeKernel
  api=9 insize=34823 outsize=3027 ok=1
Cmd: compileComputeKernel
  api=9 insize=34823 outsize=3064 ok=1
Cmd: compileComputeKernel
  api=9 insize=34823 outsize=3082 ok=1
Cmd: compileComputeKernel
  api=9 insize=34823 outsize=3144 ok=1
Cmd: compileComputeKernel
  api=9 insize=34823 outsize=3002 ok=1
Cmd: compileComputeKernel
  api=9 insize=34823 outsize=2869 ok=1
Cmd: compileComputeKernel
  api=9 insize=34823 outsize=2870 ok=1
Cmd: compileComputeKernel
  api=9 insize=34823 outsize=2830 ok=1
Cmd: compileComputeKernel
  api=9 insize=34823 outsize=2830 ok=1
Cmd: compileComputeKernel
  api=9 insize=34823 outsize=2933 ok=1
Cmd: compileComputeKernel
  api=9 insize=34823 outsize=3007 ok=1
Cmd: compileComputeKernel
  api=9 insize=34823 outsize=3325 ok=1
Cmd: compileComputeKernel
  api=4 insize=34823 outsize=677 ok=1
Cmd: compileComputeKernel
  api=4 insize=34823 outsize=772 ok=1
Cmd: compileComputeKernel
  api=4 insize=34823 outsize=682 ok=1
Cmd: compileComputeKernel
  api=4 insize=34823 outsize=638 ok=1
Cmd: compileComputeKernel
  api=4 insize=34823 outsize=695 ok=1
Cmd: compileComputeKernel
  api=4 insize=34823 outsize=970 ok=1
Cmd: compileComputeKernel
  api=4 insize=34823 outsize=1032 ok=1
Cmd: compileComputeKernel
  api=4 insize=34823 outsize=1094 ok=1
Cmd: compileComputeKernel
  api=4 insize=34823 outsize=854 ok=1
Cmd: compileComputeKernel
  api=4 insize=34823 outsize=1023 ok=1
Cmd: compileComputeKernel
  api=4 insize=34823 outsize=796 ok=1
Cmd: compileComputeKernel
  api=4 insize=34823 outsize=677 ok=1
Cmd: compileComputeKernel
  api=4 insize=34823 outsize=769 ok=1
Cmd: compileComputeKernel
  api=4 insize=34823 outsize=831 ok=1
Cmd: compileComputeKernel
  api=4 insize=34823 outsize=700 ok=1
Cmd: compileComputeKernel
  api=4 insize=34823 outsize=872 ok=1
Cmd: compileComputeKernel
  api=4 insize=34823 outsize=1292 ok=1
Cmd: compileComputeKernel
  api=4 insize=34823 outsize=1321 ok=1
Cmd: compileComputeKernel
  api=4 insize=34823 outsize=1258 ok=1
Cmd: compileComputeKernel
  api=4 insize=34823 outsize=1861 ok=1
Cmd: compileComputeKernel
  api=4 insize=34823 outsize=1547 ok=1
Cmd: compileComputeKernel
  api=4 insize=34823 outsize=1520 ok=1
Cmd: compileComputeKernel
  api=4 insize=34823 outsize=1369 ok=1
Cmd: compileComputeKernel
  api=4 insize=34823 outsize=1346 ok=1
Cmd: compileComputeKernel
  api=4 insize=34823 outsize=1360 ok=1
Cmd: compileComputeKernel
  api=4 insize=34823 outsize=1465 ok=1
Cmd: compileComputeKernel
  api=4 insize=34823 outsize=1402 ok=1
Cmd: compileComputeKernel
  api=4 insize=34823 outsize=1336 ok=1
Cmd: compileComputeKernel
  api=4 insize=34823 outsize=1311 ok=1
Cmd: compileComputeKernel
  api=4 insize=34823 outsize=1311 ok=1
Cmd: compileComputeKernel
  api=4 insize=34823 outsize=1261 ok=1
Cmd: compileComputeKernel
  api=4 insize=34823 outsize=1369 ok=1
Cmd: compileComputeKernel
  api=4 insize=34823 outsize=1631 ok=1
Cmd: compileComputeKernel
  api=4 insize=34823 outsize=1387 ok=1
Cmd: compileComputeKernel
  api=4 insize=34823 outsize=1324 ok=1
Cmd: compileComputeKernel
  api=18 insize=76772 outsize=11287 ok=1
Cmd: compileComputeKernel
  api=18 insize=76772 outsize=42548 ok=1
Cmd: compileComputeKernel
  api=18 insize=76772 outsize=74713 ok=1
Cmd: compileComputeKernel
  api=18 insize=76772 outsize=114641 ok=1
Cmd: compileComputeKernel
  api=18 insize=76772 outsize=122266 ok=1
Cmd: compileComputeKernel
  api=9 insize=76772 outsize=55415 ok=1
Cmd: compileComputeKernel
  api=9 insize=76772 outsize=49623 ok=1
Cmd: compileComputeKernel
  api=9 insize=76772 outsize=3330 ok=1
Cmd: compileComputeKernel
  api=9 insize=76772 outsize=4164 ok=1
Cmd: compileComputeKernel
  api=9 insize=76772 outsize=4031 ok=1
Cmd: compileComputeKernel
  api=9 insize=76772 outsize=10314 ok=1
Cmd: compileComputeKernel
  api=9 insize=76772 outsize=26162 ok=1
Cmd: compileComputeKernel
  api=4 insize=76772 outsize=2787 ok=1
Cmd: compileComputeKernel
  api=4 insize=76772 outsize=2787 ok=1
Cmd: compileComputeKernel
  api=4 insize=76772 outsize=6812 ok=1
Cmd: compileComputeKernel
  api=4 insize=76772 outsize=14076 ok=1
Cmd: compileComputeKernel
  api=4 insize=76772 outsize=21169 ok=1
Cmd: compileComputeKernel
  api=4 insize=76772 outsize=31673 ok=1
Cmd: compileComputeKernel
  api=4 insize=76772 outsize=32386 ok=1
Cmd: compileComputeKernel
  api=9 insize=4598 outsize=2962 ok=1
Cmd: compileComputeKernel
  api=9 insize=4598 outsize=3716 ok=1
Cmd: compileComputeKernel
  api=4 insize=4598 outsize=1590 ok=1
Cmd: compileComputeKernel
  api=4 insize=4598 outsize=1449 ok=1
Cmd: compileComputeKernel
  api=4 insize=4598 outsize=1684 ok=1
Cmd: compileComputeKernel
  api=4 insize=4598 outsize=1750 ok=1
Cmd: compileComputeKernel
  api=18 insize=1971 outsize=11382 ok=1
Cmd: compileComputeKernel
  api=4 insize=1971 outsize=3122 ok=1
Cmd: initializeCompiler
Cmd: compileComputeKernel
  api=18 insize=7960 outsize=6497 ok=1
Cmd: compileComputeKernel
  api=18 insize=7960 outsize=9952 ok=1
Cmd: compileComputeKernel
  api=4 insize=7960 outsize=1494 ok=1
Cmd: compileComputeKernel
  api=4 insize=7960 outsize=2524 ok=1
Cmd: compileComputeKernel
  api=18 insize=9919 outsize=7275 ok=1
Cmd: compileComputeKernel
  api=18 insize=9919 outsize=7352 ok=1
Cmd: compileComputeKernel
  api=18 insize=9919 outsize=7973 ok=1
Cmd: compileComputeKernel
  api=9 insize=9919 outsize=3955 ok=1
Cmd: compileComputeKernel
  api=9 insize=9919 outsize=4720 ok=1
Cmd: compileComputeKernel
  api=9 insize=9919 outsize=3959 ok=1
Cmd: compileComputeKernel
  api=9 insize=9919 outsize=3996 ok=1
Cmd: compileComputeKernel
  api=9 insize=9919 outsize=4241 ok=1
Cmd: compileComputeKernel
  api=9 insize=9919 outsize=4242 ok=1
Cmd: compileComputeKernel
  api=4 insize=9919 outsize=1879 ok=1
Cmd: compileComputeKernel
  api=4 insize=9919 outsize=1879 ok=1
Cmd: compileComputeKernel
  api=4 insize=9919 outsize=1916 ok=1
Cmd: compileComputeKernel
  api=4 insize=9919 outsize=1909 ok=1
Cmd: compileComputeKernel
  api=4 insize=9919 outsize=2058 ok=1
Cmd: compileComputeKernel
  api=18 insize=7335 outsize=6963 ok=1
Cmd: compileComputeKernel
  api=9 insize=7335 outsize=4292 ok=1
Cmd: compileComputeKernel
  api=9 insize=7335 outsize=5525 ok=1
Cmd: compileComputeKernel
  api=18 insize=44336 outsize=6886 ok=1
Cmd: compileComputeKernel
  error: 1 plat 18 at Tensor.cginc(141): use of potentially uninitialized variable (ReadonlyTensor::SafeGet)
  api=18 insize=44336 outsize=11003 ok=1
Cmd: compileComputeKernel
  api=18 insize=44336 outsize=7416 ok=1
Cmd: compileComputeKernel
  error: 1 plat 18 at Tensor.cginc(141): use of potentially uninitialized variable (ReadonlyTensor::SafeGet)
  api=18 insize=44336 outsize=9064 ok=1
Cmd: compileComputeKernel
  api=18 insize=44336 outsize=6942 ok=1
Cmd: compileComputeKernel
  api=18 insize=44336 outsize=5675 ok=1
Cmd: compileComputeKernel
  api=18 insize=44336 outsize=5566 ok=1
Cmd: compileComputeKernel
  api=18 insize=44336 outsize=6838 ok=1
Cmd: compileComputeKernel
  api=18 insize=44336 outsize=6187 ok=1
Cmd: compileComputeKernel
  api=18 insize=44336 outsize=5754 ok=1
Cmd: compileComputeKernel
  api=18 insize=44336 outsize=7708 ok=1
Cmd: compileComputeKernel
  api=18 insize=44336 outsize=7240 ok=1
Cmd: compileComputeKernel
  api=18 insize=44336 outsize=7823 ok=1
Cmd: compileComputeKernel
  api=18 insize=44336 outsize=9279 ok=1
Cmd: compileComputeKernel
  api=18 insize=44336 outsize=7895 ok=1
Cmd: compileComputeKernel
  api=18 insize=44336 outsize=7900 ok=1
Cmd: compileComputeKernel
  api=18 insize=44336 outsize=8522 ok=1
Cmd: compileComputeKernel
  api=18 insize=44336 outsize=5720 ok=1
Cmd: compileComputeKernel
  api=18 insize=44336 outsize=5945 ok=1
Cmd: compileComputeKernel
  api=18 insize=44336 outsize=12614 ok=1
Cmd: compileComputeKernel
  api=9 insize=44336 outsize=3423 ok=1
Cmd: compileComputeKernel
  api=9 insize=44336 outsize=5987 ok=1
Cmd: compileComputeKernel
  api=9 insize=44336 outsize=3311 ok=1
Cmd: compileComputeKernel
  api=9 insize=44336 outsize=3539 ok=1
Cmd: compileComputeKernel
  api=9 insize=44336 outsize=4507 ok=1
Cmd: compileComputeKernel
  api=9 insize=44336 outsize=4255 ok=1
Cmd: compileComputeKernel
  api=9 insize=44336 outsize=3574 ok=1
Cmd: compileComputeKernel
  api=9 insize=44336 outsize=5974 ok=1
Cmd: compileComputeKernel
  api=9 insize=44336 outsize=2880 ok=1
Cmd: compileComputeKernel
  api=9 insize=44336 outsize=3362 ok=1
Cmd: compileComputeKernel
  api=9 insize=44336 outsize=3204 ok=1
Cmd: compileComputeKernel
  api=9 insize=44336 outsize=2909 ok=1
Cmd: compileComputeKernel
  api=9 insize=44336 outsize=3119 ok=1
Cmd: compileComputeKernel
  api=9 insize=44336 outsize=4025 ok=1
Cmd: compileComputeKernel
  api=9 insize=44336 outsize=3197 ok=1
Cmd: compileComputeKernel
  api=9 insize=44336 outsize=2907 ok=1
Cmd: compileComputeKernel
  api=9 insize=44336 outsize=3606 ok=1
Cmd: compileComputeKernel
  api=9 insize=44336 outsize=4145 ok=1
Cmd: compileComputeKernel
  api=9 insize=44336 outsize=4148 ok=1
Cmd: compileComputeKernel
  api=9 insize=44336 outsize=4145 ok=1
Cmd: compileComputeKernel
  api=9 insize=44336 outsize=4149 ok=1
Cmd: compileComputeKernel
  api=9 insize=44336 outsize=4189 ok=1
Cmd: compileComputeKernel
  api=9 insize=44336 outsize=4186 ok=1
Cmd: compileComputeKernel
  api=9 insize=44336 outsize=4188 ok=1
Cmd: compileComputeKernel
  api=9 insize=44336 outsize=4431 ok=1
Cmd: compileComputeKernel
  api=9 insize=44336 outsize=4432 ok=1
Cmd: compileComputeKernel
  api=9 insize=44336 outsize=2928 ok=1
Cmd: compileComputeKernel
  api=9 insize=44336 outsize=2913 ok=1
Cmd: compileComputeKernel
  api=9 insize=44336 outsize=2914 ok=1
Cmd: compileComputeKernel
  api=9 insize=44336 outsize=6022 ok=1
Cmd: compileComputeKernel
  api=9 insize=44336 outsize=3096 ok=1
Cmd: compileComputeKernel
  api=9 insize=44336 outsize=3945 ok=1
Cmd: compileComputeKernel
  error: 1 plat 4 at BarracudaReferenceImpl.compute(1256): array reference cannot be used as an l-value; not natively addressable, forcing loop to unroll
  error: 1 plat 4 at BarracudaReferenceImpl.compute(1266): array reference cannot be used as an l-value; not natively addressable, forcing loop to unroll
  api=4 insize=44336 outsize=8563 ok=1
Cmd: compileComputeKernel
  error: 1 plat 18 at Tensor.cginc(155): use of potentially uninitialized variable (ReadonlyTensor::SafeGet)
  api=18 insize=64076 outsize=40845 ok=1
Cmd: compileComputeKernel
  api=9 insize=64076 outsize=25107 ok=1
Cmd: compileComputeKernel
  api=9 insize=64076 outsize=9264 ok=1
Cmd: compileComputeKernel
  api=4 insize=64076 outsize=2621 ok=1
Cmd: compileComputeKernel
  api=4 insize=64076 outsize=7621 ok=1
Cmd: compileComputeKernel
  api=4 insize=64076 outsize=5366 ok=1
Cmd: compileComputeKernel
  api=18 insize=29386 outsize=2439 ok=1
Cmd: compileComputeKernel
  api=18 insize=29386 outsize=4509 ok=1
Cmd: compileComputeKernel
  api=18 insize=29386 outsize=3742 ok=1
Cmd: compileComputeKernel
  api=18 insize=29386 outsize=3355 ok=1
Cmd: compileComputeKernel
  api=18 insize=29386 outsize=3619 ok=1
Cmd: compileComputeKernel
  api=18 insize=29386 outsize=3576 ok=1
Cmd: compileComputeKernel
  api=18 insize=29386 outsize=3436 ok=1
Cmd: compileComputeKernel
  api=18 insize=29386 outsize=2397 ok=1
Cmd: compileComputeKernel
  api=18 insize=29386 outsize=3594 ok=1
Cmd: compileComputeKernel
  api=18 insize=29386 outsize=3369 ok=1
Cmd: compileComputeKernel
  api=18 insize=29386 outsize=5532 ok=1
Cmd: compileComputeKernel
  api=18 insize=29386 outsize=5637 ok=1
Cmd: compileComputeKernel
  api=18 insize=29386 outsize=5986 ok=1
Cmd: compileComputeKernel
  api=18 insize=29386 outsize=6124 ok=1
Cmd: compileComputeKernel
  api=18 insize=29386 outsize=5769 ok=1
Cmd: compileComputeKernel
  api=18 insize=29386 outsize=6033 ok=1
Cmd: compileComputeKernel
  api=18 insize=29386 outsize=5715 ok=1
Cmd: compileComputeKernel
  api=18 insize=29386 outsize=5575 ok=1
Cmd: compileComputeKernel
  api=18 insize=29386 outsize=5359 ok=1
Cmd: compileComputeKernel
  api=18 insize=29386 outsize=5733 ok=1
Cmd: compileComputeKernel
  api=18 insize=29386 outsize=5598 ok=1
Cmd: compileComputeKernel
  api=9 insize=29386 outsize=1847 ok=1
Cmd: compileComputeKernel
  api=9 insize=29386 outsize=1759 ok=1
Cmd: compileComputeKernel
  api=9 insize=29386 outsize=1793 ok=1
Cmd: compileComputeKernel
  api=9 insize=29386 outsize=1893 ok=1
Cmd: compileComputeKernel
  api=9 insize=29386 outsize=2057 ok=1
Cmd: compileComputeKernel
  api=9 insize=29386 outsize=2060 ok=1
Cmd: compileComputeKernel
  api=9 insize=29386 outsize=1870 ok=1
Cmd: compileComputeKernel
  api=9 insize=29386 outsize=1860 ok=1
Cmd: compileComputeKernel
  api=9 insize=29386 outsize=1987 ok=1
Cmd: compileComputeKernel
  api=9 insize=29386 outsize=1845 ok=1
Cmd: compileComputeKernel
  api=9 insize=29386 outsize=1945 ok=1
Cmd: compileComputeKernel
  api=9 insize=29386 outsize=1791 ok=1
Cmd: compileComputeKernel
  api=9 insize=29386 outsize=1851 ok=1
Cmd: compileComputeKernel
  api=9 insize=29386 outsize=1954 ok=1
Cmd: compileComputeKernel
  api=9 insize=29386 outsize=1956 ok=1
Cmd: compileComputeKernel
  api=9 insize=29386 outsize=2845 ok=1
Cmd: compileComputeKernel
  api=9 insize=29386 outsize=3959 ok=1
Cmd: compileComputeKernel
  api=9 insize=29386 outsize=3140 ok=1
Cmd: compileComputeKernel
  api=9 insize=29386 outsize=2930 ok=1
Cmd: compileComputeKernel
  api=9 insize=29386 outsize=3000 ok=1
Cmd: compileComputeKernel
  api=9 insize=29386 outsize=3055 ok=1
Cmd: compileComputeKernel
  api=9 insize=29386 outsize=2897 ok=1
Cmd: compileComputeKernel
  api=9 insize=29386 outsize=2967 ok=1
Cmd: compileComputeKernel
  api=9 insize=29386 outsize=2843 ok=1
Cmd: compileComputeKernel
  api=9 insize=29386 outsize=2885 ok=1
Cmd: compileComputeKernel
  api=9 insize=29386 outsize=2906 ok=1
Cmd: compileComputeKernel
  api=9 insize=29386 outsize=2908 ok=1
Cmd: compileComputeKernel
  api=9 insize=29386 outsize=2986 ok=1
Cmd: compileComputeKernel
  api=4 insize=29386 outsize=775 ok=1
Cmd: compileComputeKernel
  api=4 insize=29386 outsize=777 ok=1
Cmd: compileComputeKernel
  api=4 insize=29386 outsize=806 ok=1
Cmd: compileComputeKernel
  api=4 insize=29386 outsize=937 ok=1
Cmd: compileComputeKernel
  api=4 insize=29386 outsize=1094 ok=1
Cmd: compileComputeKernel
  api=4 insize=29386 outsize=791 ok=1
Cmd: compileComputeKernel
  api=4 insize=29386 outsize=773 ok=1
Cmd: compileComputeKernel
  api=4 insize=29386 outsize=868 ok=1
Cmd: compileComputeKernel
  api=4 insize=29386 outsize=749 ok=1
Cmd: compileComputeKernel
  api=4 insize=29386 outsize=844 ok=1
Cmd: compileComputeKernel
  api=4 insize=29386 outsize=796 ok=1
Cmd: compileComputeKernel
  api=4 insize=29386 outsize=796 ok=1
Cmd: compileComputeKernel
  api=4 insize=29386 outsize=769 ok=1
Cmd: compileComputeKernel
  api=4 insize=29386 outsize=831 ok=1
Cmd: compileComputeKernel
  api=4 insize=29386 outsize=700 ok=1
Cmd: compileComputeKernel
  api=4 insize=29386 outsize=777 ok=1
Cmd: compileComputeKernel
  api=4 insize=29386 outsize=1264 ok=1
Cmd: compileComputeKernel
  api=4 insize=29386 outsize=1316 ok=1
Cmd: compileComputeKernel
  api=4 insize=29386 outsize=1253 ok=1
Cmd: compileComputeKernel
  api=4 insize=29386 outsize=1067 ok=1
Cmd: compileComputeKernel
  api=4 insize=29386 outsize=1542 ok=1
Cmd: compileComputeKernel
  api=4 insize=29386 outsize=1452 ok=1
Cmd: compileComputeKernel
  api=4 insize=29386 outsize=1301 ok=1
Cmd: compileComputeKernel
  api=4 insize=29386 outsize=1378 ok=1
Cmd: compileComputeKernel
  api=4 insize=29386 outsize=1460 ok=1
Cmd: compileComputeKernel
  api=4 insize=29386 outsize=1331 ok=1
Cmd: compileComputeKernel
  api=4 insize=29386 outsize=1306 ok=1
Cmd: compileComputeKernel
  api=4 insize=29386 outsize=1243 ok=1
Cmd: compileComputeKernel
  api=4 insize=29386 outsize=1341 ok=1
Cmd: compileComputeKernel
  api=4 insize=29386 outsize=1626 ok=1
Cmd: compileComputeKernel
  api=4 insize=29386 outsize=1359 ok=1
Cmd: compileComputeKernel
  api=9 insize=24335 outsize=25770 ok=1
Cmd: compileComputeKernel
  api=18 insize=24335 outsize=16832 ok=1
Cmd: compileComputeKernel
  api=18 insize=24335 outsize=11940 ok=1
Cmd: compileComputeKernel
  api=18 insize=24335 outsize=14585 ok=1
Cmd: compileComputeKernel
  api=4 insize=24335 outsize=9521 ok=1
Cmd: compileComputeKernel
  api=18 insize=4081 outsize=7824 ok=1
Cmd: compileComputeKernel
  api=9 insize=4081 outsize=3690 ok=1
Cmd: compileComputeKernel
  api=4 insize=4081 outsize=1475 ok=1
Cmd: compileComputeKernel
  api=18 insize=1810 outsize=11309 ok=1
