Base path: 'D:/Unity Setup (2)/2019.3.9f1/Editor/Data', plugins path 'D:/Unity Setup (2)/2019.3.9f1/Editor/Data/PlaybackEngines'
Cmd: initializeCompiler
Cmd: compileComputeKernel
  api=18 insize=12470 outsize=6650 ok=1
Cmd: compileComputeKernel
  api=18 insize=12470 outsize=7647 ok=1
Cmd: compileComputeKernel
  api=18 insize=12470 outsize=6599 ok=1
Cmd: compileComputeKernel
  api=18 insize=12470 outsize=9807 ok=1
Cmd: compileComputeKernel
  api=18 insize=12470 outsize=9574 ok=1
Cmd: compileComputeKernel
  api=9 insize=12470 outsize=3457 ok=1
Cmd: compileComputeKernel
  api=9 insize=12470 outsize=2557 ok=1
Cmd: compileComputeKernel
  api=9 insize=12470 outsize=2655 ok=1
Cmd: compileComputeKernel
  api=9 insize=12470 outsize=2809 ok=1
Cmd: compileComputeKernel
  api=9 insize=12470 outsize=3830 ok=1
Cmd: compileComputeKernel
  api=9 insize=12470 outsize=4089 ok=1
Cmd: compileComputeKernel
  api=9 insize=12470 outsize=3326 ok=1
Cmd: compileComputeKernel
  api=9 insize=12470 outsize=4919 ok=1
Cmd: compileComputeKernel
  api=9 insize=12470 outsize=4790 ok=1
Cmd: compileComputeKernel
  api=4 insize=12470 outsize=1558 ok=1
Cmd: compileComputeKernel
  api=4 insize=12470 outsize=1840 ok=1
Cmd: compileComputeKernel
  api=4 insize=12470 outsize=1579 ok=1
Cmd: compileComputeKernel
  api=4 insize=12470 outsize=2218 ok=1
Cmd: compileComputeKernel
  api=4 insize=12470 outsize=1364 ok=1
Cmd: compileComputeKernel
  api=4 insize=12470 outsize=1580 ok=1
Cmd: compileComputeKernel
  api=18 insize=12520 outsize=7295 ok=1
Cmd: compileComputeKernel
  api=18 insize=12520 outsize=7295 ok=1
Cmd: compileComputeKernel
  api=18 insize=12520 outsize=7303 ok=1
Cmd: compileComputeKernel
  api=18 insize=12520 outsize=7826 ok=1
Cmd: compileComputeKernel
  api=18 insize=12520 outsize=7367 ok=1
Cmd: compileComputeKernel
  api=18 insize=12520 outsize=7364 ok=1
Cmd: compileComputeKernel
  api=18 insize=12520 outsize=7994 ok=1
Cmd: compileComputeKernel
  api=9 insize=12520 outsize=3939 ok=1
Cmd: compileComputeKernel
  api=9 insize=12520 outsize=3939 ok=1
Cmd: compileComputeKernel
  api=9 insize=12520 outsize=3939 ok=1
Cmd: compileComputeKernel
  api=9 insize=12520 outsize=4704 ok=1
Cmd: compileComputeKernel
  api=9 insize=12520 outsize=3943 ok=1
Cmd: compileComputeKernel
  api=9 insize=12520 outsize=4129 ok=1
Cmd: compileComputeKernel
  api=9 insize=12520 outsize=3986 ok=1
Cmd: compileComputeKernel
  api=9 insize=12520 outsize=3982 ok=1
Cmd: compileComputeKernel
  api=9 insize=12520 outsize=4225 ok=1
Cmd: compileComputeKernel
  api=9 insize=12520 outsize=4225 ok=1
Cmd: compileComputeKernel
  api=4 insize=12520 outsize=1819 ok=1
Cmd: compileComputeKernel
  api=4 insize=12520 outsize=1823 ok=1
Cmd: compileComputeKernel
  api=4 insize=12520 outsize=1819 ok=1
Cmd: compileComputeKernel
  api=4 insize=12520 outsize=2259 ok=1
Cmd: compileComputeKernel
  api=4 insize=12520 outsize=1819 ok=1
Cmd: compileComputeKernel
  api=4 insize=12520 outsize=1974 ok=1
Cmd: compileComputeKernel
  api=4 insize=12520 outsize=1856 ok=1
Cmd: compileComputeKernel
  api=4 insize=12520 outsize=1848 ok=1
Cmd: compileComputeKernel
  api=4 insize=12520 outsize=1853 ok=1
Cmd: compileComputeKernel
  api=4 insize=12520 outsize=1849 ok=1
Cmd: compileComputeKernel
  api=4 insize=12520 outsize=1997 ok=1
Cmd: compileComputeKernel
  api=4 insize=12520 outsize=1998 ok=1
Cmd: compileComputeKernel
  api=18 insize=20339 outsize=7965 ok=1
Cmd: compileComputeKernel
  api=18 insize=20339 outsize=7997 ok=1
Cmd: compileComputeKernel
  api=18 insize=20339 outsize=14451 ok=1
Cmd: compileComputeKernel
  api=18 insize=20339 outsize=14175 ok=1
Cmd: compileComputeKernel
  api=18 insize=20339 outsize=21045 ok=1
Cmd: compileComputeKernel
  api=9 insize=20339 outsize=4230 ok=1
Cmd: compileComputeKernel
  api=9 insize=20339 outsize=7267 ok=1
Cmd: compileComputeKernel
  api=9 insize=20339 outsize=7121 ok=1
Cmd: compileComputeKernel
  api=9 insize=20339 outsize=11316 ok=1
Cmd: compileComputeKernel
  api=4 insize=20339 outsize=2045 ok=1
Cmd: compileComputeKernel
  api=4 insize=20339 outsize=2963 ok=1
Cmd: compileComputeKernel
  api=4 insize=20339 outsize=3156 ok=1
Cmd: compileComputeKernel
  api=4 insize=20339 outsize=5525 ok=1
Cmd: compileComputeKernel
  api=18 insize=61144 outsize=7530 ok=1
Cmd: compileComputeKernel
  api=18 insize=61144 outsize=47539 ok=1
Cmd: compileComputeKernel
  api=18 insize=61144 outsize=9237 ok=1
Cmd: compileComputeKernel
  api=18 insize=61144 outsize=6563 ok=1
Cmd: compileComputeKernel
  api=18 insize=61144 outsize=7373 ok=1
Cmd: compileComputeKernel
  api=18 insize=61144 outsize=6846 ok=1
Cmd: compileComputeKernel
  api=18 insize=61144 outsize=6056 ok=1
Cmd: compileComputeKernel
  api=18 insize=61144 outsize=5947 ok=1
Cmd: compileComputeKernel
  api=18 insize=61144 outsize=6181 ok=1
Cmd: compileComputeKernel
  api=18 insize=61144 outsize=7338 ok=1
Cmd: compileComputeKernel
  api=18 insize=61144 outsize=6135 ok=1
Cmd: compileComputeKernel
  api=18 insize=61144 outsize=6429 ok=1
Cmd: compileComputeKernel
  api=18 insize=61144 outsize=8089 ok=1
Cmd: compileComputeKernel
  api=18 insize=61144 outsize=6019 ok=1
Cmd: compileComputeKernel
  api=18 insize=61144 outsize=6019 ok=1
Cmd: compileComputeKernel
  api=18 insize=61144 outsize=7605 ok=1
Cmd: compileComputeKernel
  api=18 insize=61144 outsize=7448 ok=1
Cmd: compileComputeKernel
  api=18 insize=61144 outsize=8067 ok=1
Cmd: compileComputeKernel
  api=18 insize=61144 outsize=8051 ok=1
Cmd: compileComputeKernel
  api=18 insize=61144 outsize=8059 ok=1
Cmd: compileComputeKernel
  api=18 insize=61144 outsize=8598 ok=1
Cmd: compileComputeKernel
  api=18 insize=61144 outsize=8123 ok=1
Cmd: compileComputeKernel
  api=18 insize=61144 outsize=8125 ok=1
Cmd: compileComputeKernel
  api=18 insize=61144 outsize=8733 ok=1
Cmd: compileComputeKernel
  api=18 insize=61144 outsize=8734 ok=1
Cmd: compileComputeKernel
  api=18 insize=61144 outsize=6042 ok=1
Cmd: compileComputeKernel
  api=18 insize=61144 outsize=5885 ok=1
Cmd: compileComputeKernel
  api=18 insize=61144 outsize=6110 ok=1
Cmd: compileComputeKernel
  api=18 insize=61144 outsize=10434 ok=1
Cmd: compileComputeKernel
  api=18 insize=61144 outsize=16144 ok=1
Cmd: compileComputeKernel
  api=18 insize=61144 outsize=6537 ok=1
Cmd: compileComputeKernel
  api=18 insize=61144 outsize=8130 ok=1
Cmd: compileComputeKernel
  api=18 insize=61144 outsize=10573 ok=1
Cmd: compileComputeKernel
  api=9 insize=61144 outsize=23205 ok=1
Cmd: compileComputeKernel
  api=9 insize=61144 outsize=5038 ok=1
Cmd: compileComputeKernel
  api=9 insize=61144 outsize=4527 ok=1
Cmd: compileComputeKernel
  api=9 insize=61144 outsize=4396 ok=1
Cmd: compileComputeKernel
  api=9 insize=61144 outsize=3302 ok=1
Cmd: compileComputeKernel
  api=9 insize=61144 outsize=3613 ok=1
Cmd: compileComputeKernel
  api=9 insize=61144 outsize=6812 ok=1
Cmd: compileComputeKernel
  api=9 insize=61144 outsize=3043 ok=1
Cmd: compileComputeKernel
  api=9 insize=61144 outsize=2997 ok=1
Cmd: compileComputeKernel
  api=9 insize=61144 outsize=3128 ok=1
Cmd: compileComputeKernel
  api=9 insize=61144 outsize=3565 ok=1
Cmd: compileComputeKernel
  api=9 insize=61144 outsize=3118 ok=1
Cmd: compileComputeKernel
  api=9 insize=61144 outsize=3253 ok=1
Cmd: compileComputeKernel
  api=9 insize=61144 outsize=4159 ok=1
Cmd: compileComputeKernel
  api=9 insize=61144 outsize=3040 ok=1
Cmd: compileComputeKernel
  api=9 insize=61144 outsize=3001 ok=1
Cmd: compileComputeKernel
  api=9 insize=61144 outsize=3030 ok=1
Cmd: compileComputeKernel
  api=9 insize=61144 outsize=4201 ok=1
Cmd: compileComputeKernel
  api=9 insize=61144 outsize=4198 ok=1
Cmd: compileComputeKernel
  api=9 insize=61144 outsize=4202 ok=1
Cmd: compileComputeKernel
  api=9 insize=61144 outsize=4388 ok=1
Cmd: compileComputeKernel
  api=9 insize=61144 outsize=4242 ok=1
Cmd: compileComputeKernel
  api=9 insize=61144 outsize=4245 ok=1
Cmd: compileComputeKernel
  api=9 insize=61144 outsize=4484 ok=1
Cmd: compileComputeKernel
  api=9 insize=61144 outsize=4485 ok=1
Cmd: compileComputeKernel
  api=9 insize=61144 outsize=3062 ok=1
Cmd: compileComputeKernel
  api=9 insize=61144 outsize=3047 ok=1
Cmd: compileComputeKernel
  api=9 insize=61144 outsize=3048 ok=1
Cmd: compileComputeKernel
  api=9 insize=61144 outsize=6168 ok=1
Cmd: compileComputeKernel
  api=9 insize=61144 outsize=3452 ok=1
Cmd: compileComputeKernel
  api=9 insize=61144 outsize=3208 ok=1
Cmd: compileComputeKernel
  api=9 insize=61144 outsize=4078 ok=1
Cmd: compileComputeKernel
  api=4 insize=61144 outsize=1686 ok=1
Cmd: compileComputeKernel
  api=4 insize=61144 outsize=2922 ok=1
Cmd: compileComputeKernel
  api=4 insize=61144 outsize=2640 ok=1
Cmd: compileComputeKernel
  api=4 insize=61144 outsize=2640 ok=1
Cmd: compileComputeKernel
  api=4 insize=61144 outsize=2944 ok=1
Cmd: compileComputeKernel
  api=4 insize=61144 outsize=2944 ok=1
Cmd: compileComputeKernel
  api=4 insize=61144 outsize=2631 ok=1
Cmd: compileComputeKernel
  api=4 insize=61144 outsize=1689 ok=1
Cmd: compileComputeKernel
  api=4 insize=61144 outsize=2029 ok=1
Cmd: compileComputeKernel
  api=4 insize=61144 outsize=1407 ok=1
Cmd: compileComputeKernel
  api=4 insize=61144 outsize=1667 ok=1
Cmd: compileComputeKernel
  api=4 insize=61144 outsize=1597 ok=1
Cmd: compileComputeKernel
  api=4 insize=61144 outsize=1610 ok=1
Cmd: compileComputeKernel
  api=4 insize=61144 outsize=1287 ok=1
Cmd: compileComputeKernel
  api=4 insize=61144 outsize=1310 ok=1
Cmd: compileComputeKernel
  api=4 insize=61144 outsize=1369 ok=1
Cmd: compileComputeKernel
  api=4 insize=61144 outsize=1631 ok=1
Cmd: compileComputeKernel
  api=4 insize=61144 outsize=1682 ok=1
Cmd: compileComputeKernel
  api=4 insize=61144 outsize=1383 ok=1
Cmd: compileComputeKernel
  api=4 insize=61144 outsize=1321 ok=1
Cmd: compileComputeKernel
  api=4 insize=61144 outsize=1359 ok=1
Cmd: compileComputeKernel
  api=4 insize=61144 outsize=1861 ok=1
Cmd: compileComputeKernel
  api=4 insize=61144 outsize=1311 ok=1
Cmd: compileComputeKernel
  api=4 insize=61144 outsize=1311 ok=1
Cmd: compileComputeKernel
  api=4 insize=61144 outsize=1284 ok=1
Cmd: compileComputeKernel
  api=4 insize=61144 outsize=1777 ok=1
Cmd: compileComputeKernel
  api=4 insize=61144 outsize=1580 ok=1
Cmd: compileComputeKernel
  api=4 insize=61144 outsize=1823 ok=1
Cmd: compileComputeKernel
  api=4 insize=61144 outsize=1819 ok=1
Cmd: compileComputeKernel
  api=4 insize=61144 outsize=2259 ok=1
Cmd: compileComputeKernel
  api=4 insize=61144 outsize=1974 ok=1
Cmd: compileComputeKernel
  api=4 insize=61144 outsize=1848 ok=1
Cmd: compileComputeKernel
  api=4 insize=61144 outsize=1849 ok=1
Cmd: compileComputeKernel
  api=4 insize=61144 outsize=1997 ok=1
Cmd: compileComputeKernel
  api=4 insize=61144 outsize=1326 ok=1
Cmd: compileComputeKernel
  api=4 insize=61144 outsize=1301 ok=1
Cmd: compileComputeKernel
  api=4 insize=61144 outsize=1301 ok=1
Cmd: compileComputeKernel
  api=4 insize=61144 outsize=1302 ok=1
Cmd: compileComputeKernel
  api=4 insize=61144 outsize=3004 ok=1
Cmd: compileComputeKernel
  api=4 insize=61144 outsize=1590 ok=1
Cmd: compileComputeKernel
  api=4 insize=61144 outsize=1449 ok=1
Cmd: compileComputeKernel
  api=4 insize=61144 outsize=1750 ok=1
Cmd: compileComputeKernel
  api=18 insize=75405 outsize=41137 ok=1
Cmd: compileComputeKernel
  api=18 insize=75405 outsize=34597 ok=1
Cmd: compileComputeKernel
  api=9 insize=75405 outsize=25324 ok=1
Cmd: compileComputeKernel
  api=9 insize=75405 outsize=16029 ok=1
Cmd: compileComputeKernel
  api=4 insize=75405 outsize=12637 ok=1
Cmd: compileComputeKernel
  api=4 insize=75405 outsize=7773 ok=1
Cmd: compileComputeKernel
  api=4 insize=75405 outsize=5746 ok=1
Cmd: compileComputeKernel
  api=4 insize=75405 outsize=6472 ok=1
Cmd: compileComputeKernel
  api=18 insize=34823 outsize=3416 ok=1
Cmd: compileComputeKernel
  api=18 insize=34823 outsize=3202 ok=1
Cmd: compileComputeKernel
  api=18 insize=34823 outsize=3518 ok=1
Cmd: compileComputeKernel
  api=18 insize=34823 outsize=3809 ok=1
Cmd: compileComputeKernel
  api=18 insize=34823 outsize=3382 ok=1
Cmd: compileComputeKernel
  api=18 insize=34823 outsize=3650 ok=1
Cmd: compileComputeKernel
  api=18 insize=34823 outsize=3671 ok=1
Cmd: compileComputeKernel
  api=18 insize=34823 outsize=3449 ok=1
Cmd: compileComputeKernel
  api=18 insize=34823 outsize=3488 ok=1
Cmd: compileComputeKernel
  api=18 insize=34823 outsize=3182 ok=1
Cmd: compileComputeKernel
  api=18 insize=34823 outsize=3523 ok=1
Cmd: compileComputeKernel
  api=18 insize=34823 outsize=3547 ok=1
Cmd: compileComputeKernel
  api=18 insize=34823 outsize=5436 ok=1
Cmd: compileComputeKernel
  api=18 insize=34823 outsize=5710 ok=1
Cmd: compileComputeKernel
  api=18 insize=34823 outsize=7549 ok=1
Cmd: compileComputeKernel
  api=18 insize=34823 outsize=6244 ok=1
Cmd: compileComputeKernel
  api=18 insize=34823 outsize=6197 ok=1
Cmd: compileComputeKernel
  api=18 insize=34823 outsize=5810 ok=1
Cmd: compileComputeKernel
  api=18 insize=34823 outsize=5595 ok=1
Cmd: compileComputeKernel
  api=18 insize=34823 outsize=5905 ok=1
Cmd: compileComputeKernel
  api=18 insize=34823 outsize=6106 ok=1
Cmd: compileComputeKernel
  api=18 insize=34823 outsize=5788 ok=1
Cmd: compileComputeKernel
  api=18 insize=34823 outsize=5648 ok=1
Cmd: compileComputeKernel
  api=18 insize=34823 outsize=5648 ok=1
Cmd: compileComputeKernel
  api=18 insize=34823 outsize=5416 ok=1
Cmd: compileComputeKernel
  api=18 insize=34823 outsize=5637 ok=1
Cmd: compileComputeKernel
  api=18 insize=34823 outsize=6702 ok=1
Cmd: compileComputeKernel
  api=18 insize=34823 outsize=5856 ok=1
Cmd: compileComputeKernel
  api=9 insize=34823 outsize=1460 ok=1
Cmd: compileComputeKernel
  api=9 insize=34823 outsize=1527 ok=1
Cmd: compileComputeKernel
  api=9 insize=34823 outsize=2203 ok=1
Cmd: compileComputeKernel
  api=9 insize=34823 outsize=1882 ok=1
Cmd: compileComputeKernel
  api=9 insize=34823 outsize=2207 ok=1
Cmd: compileComputeKernel
  api=9 insize=34823 outsize=1932 ok=1
Cmd: compileComputeKernel
  api=9 insize=34823 outsize=1912 ok=1
Cmd: compileComputeKernel
  api=9 insize=34823 outsize=1813 ok=1
Cmd: compileComputeKernel
  api=9 insize=34823 outsize=1777 ok=1
Cmd: compileComputeKernel
  api=9 insize=34823 outsize=1976 ok=1
Cmd: compileComputeKernel
  api=9 insize=34823 outsize=1561 ok=1
Cmd: compileComputeKernel
  api=9 insize=34823 outsize=1978 ok=1
Cmd: compileComputeKernel
  api=9 insize=34823 outsize=2834 ok=1
Cmd: compileComputeKernel
  api=9 insize=34823 outsize=2872 ok=1
Cmd: compileComputeKernel
  api=9 insize=34823 outsize=3986 ok=1
Cmd: compileComputeKernel
  api=9 insize=34823 outsize=3160 ok=1
Cmd: compileComputeKernel
  api=9 insize=34823 outsize=3214 ok=1
Cmd: compileComputeKernel
  api=9 insize=34823 outsize=3264 ok=1
Cmd: compileComputeKernel
  api=9 insize=34823 outsize=2957 ok=1
Cmd: compileComputeKernel
  api=9 insize=34823 outsize=3074 ok=1
Cmd: compileComputeKernel
  api=9 insize=34823 outsize=2947 ok=1
Cmd: compileComputeKernel
  api=9 insize=34823 outsize=3017 ok=1
Cmd: compileComputeKernel
  api=9 insize=34823 outsize=3191 ok=1
Cmd: compileComputeKernel
  api=9 insize=34823 outsize=2924 ok=1
Cmd: compileComputeKernel
  api=9 insize=34823 outsize=3049 ok=1
Cmd: compileComputeKernel
  api=9 insize=34823 outsize=2994 ok=1
Cmd: compileComputeKernel
  api=9 insize=34823 outsize=2870 ok=1
Cmd: compileComputeKernel
  api=9 insize=34823 outsize=2995 ok=1
Cmd: compileComputeKernel
  api=9 insize=34823 outsize=2959 ok=1
Cmd: compileComputeKernel
  api=9 insize=34823 outsize=2933 ok=1
Cmd: compileComputeKernel
  api=9 insize=34823 outsize=3325 ok=1
Cmd: compileComputeKernel
  api=9 insize=34823 outsize=2935 ok=1
Cmd: compileComputeKernel
  api=9 insize=34823 outsize=3013 ok=1
Cmd: compileComputeKernel
  api=4 insize=34823 outsize=775 ok=1
Cmd: compileComputeKernel
  api=4 insize=34823 outsize=777 ok=1
Cmd: compileComputeKernel
  api=4 insize=34823 outsize=806 ok=1
Cmd: compileComputeKernel
  api=4 insize=34823 outsize=1069 ok=1
Cmd: compileComputeKernel
  api=4 insize=34823 outsize=910 ok=1
Cmd: compileComputeKernel
  api=4 insize=34823 outsize=1005 ok=1
Cmd: compileComputeKernel
  api=4 insize=34823 outsize=791 ok=1
Cmd: compileComputeKernel
  api=4 insize=34823 outsize=817 ok=1
Cmd: compileComputeKernel
  api=4 insize=34823 outsize=749 ok=1
Cmd: compileComputeKernel
  api=4 insize=34823 outsize=844 ok=1
Cmd: compileComputeKernel
  api=4 insize=34823 outsize=701 ok=1
Cmd: compileComputeKernel
  api=4 insize=34823 outsize=701 ok=1
Cmd: compileComputeKernel
  api=4 insize=34823 outsize=674 ok=1
Cmd: compileComputeKernel
  api=4 insize=34823 outsize=759 ok=1
Cmd: compileComputeKernel
  api=4 insize=34823 outsize=854 ok=1
Cmd: compileComputeKernel
  api=4 insize=34823 outsize=777 ok=1
Cmd: compileComputeKernel
  api=4 insize=34823 outsize=1269 ok=1
Cmd: compileComputeKernel
  api=4 insize=34823 outsize=1298 ok=1
Cmd: compileComputeKernel
  api=4 insize=34823 outsize=1072 ok=1
Cmd: compileComputeKernel
  api=4 insize=34823 outsize=1524 ok=1
Cmd: compileComputeKernel
  api=4 insize=34823 outsize=1484 ok=1
Cmd: compileComputeKernel
  api=4 insize=34823 outsize=1497 ok=1
Cmd: compileComputeKernel
  api=4 insize=34823 outsize=1306 ok=1
Cmd: compileComputeKernel
  api=4 insize=34823 outsize=1383 ok=1
Cmd: compileComputeKernel
  api=4 insize=34823 outsize=1465 ok=1
Cmd: compileComputeKernel
  api=4 insize=34823 outsize=1359 ok=1
Cmd: compileComputeKernel
  api=4 insize=34823 outsize=1296 ok=1
Cmd: compileComputeKernel
  api=4 insize=34823 outsize=1311 ok=1
Cmd: compileComputeKernel
  api=4 insize=34823 outsize=1248 ok=1
Cmd: compileComputeKernel
  api=4 insize=34823 outsize=1288 ok=1
Cmd: compileComputeKernel
  api=4 insize=34823 outsize=1284 ok=1
Cmd: compileComputeKernel
  api=4 insize=34823 outsize=1284 ok=1
Cmd: compileComputeKernel
  api=4 insize=34823 outsize=1346 ok=1
Cmd: compileComputeKernel
  api=4 insize=34823 outsize=1631 ok=1
Cmd: compileComputeKernel
  api=4 insize=34823 outsize=1618 ok=1
Cmd: compileComputeKernel
  api=4 insize=34823 outsize=1387 ok=1
Cmd: compileComputeKernel
  api=18 insize=76772 outsize=30992 ok=1
Cmd: compileComputeKernel
  api=18 insize=76772 outsize=93861 ok=1
Cmd: compileComputeKernel
  api=18 insize=76772 outsize=116626 ok=1
Cmd: compileComputeKernel
  api=18 insize=76772 outsize=16672 ok=1
Cmd: compileComputeKernel
  api=18 insize=76772 outsize=17196 ok=1
Cmd: compileComputeKernel
  api=18 insize=76772 outsize=12088 ok=1
Cmd: compileComputeKernel
  api=18 insize=76772 outsize=12024 ok=1
Cmd: compileComputeKernel
  api=18 insize=76772 outsize=15213 ok=1
Cmd: compileComputeKernel
  api=18 insize=76772 outsize=15113 ok=1
Cmd: compileComputeKernel
  api=18 insize=76772 outsize=51936 ok=1
Cmd: compileComputeKernel
  api=9 insize=76772 outsize=13288 ok=1
Cmd: compileComputeKernel
  api=9 insize=76772 outsize=23603 ok=1
Cmd: compileComputeKernel
  api=9 insize=76772 outsize=20785 ok=1
Cmd: compileComputeKernel
  api=9 insize=76772 outsize=43493 ok=1
Cmd: compileComputeKernel
  api=9 insize=76772 outsize=61648 ok=1
Cmd: compileComputeKernel
  api=9 insize=76772 outsize=65697 ok=1
Cmd: compileComputeKernel
  api=4 insize=76772 outsize=26077 ok=1
Cmd: compileComputeKernel
  api=4 insize=76772 outsize=23133 ok=1
Cmd: compileComputeKernel
  api=4 insize=76772 outsize=4420 ok=1
Cmd: compileComputeKernel
  api=4 insize=76772 outsize=4420 ok=1
Cmd: compileComputeKernel
  api=4 insize=76772 outsize=3084 ok=1
Cmd: compileComputeKernel
  api=4 insize=76772 outsize=3084 ok=1
Cmd: compileComputeKernel
  api=4 insize=76772 outsize=3725 ok=1
Cmd: compileComputeKernel
  api=4 insize=76772 outsize=3725 ok=1
Cmd: compileComputeKernel
  api=4 insize=76772 outsize=12236 ok=1
Cmd: compileComputeKernel
  api=18 insize=4598 outsize=7834 ok=1
Cmd: compileComputeKernel
  api=9 insize=4598 outsize=3218 ok=1
Cmd: compileComputeKernel
  api=9 insize=4598 outsize=3689 ok=1
Cmd: compileComputeKernel
  api=9 insize=4598 outsize=3806 ok=1
Cmd: compileComputeKernel
  api=18 insize=1971 outsize=11382 ok=1
Cmd: initializeCompiler
Cmd: compileComputeKernel
  api=18 insize=7960 outsize=6734 ok=1
Cmd: compileComputeKernel
  api=18 insize=7960 outsize=4629 ok=1
Cmd: compileComputeKernel
  api=18 insize=7960 outsize=5796 ok=1
Cmd: compileComputeKernel
  api=9 insize=7960 outsize=3494 ok=1
Cmd: compileComputeKernel
  api=9 insize=7960 outsize=5092 ok=1
Cmd: compileComputeKernel
  api=4 insize=7960 outsize=1508 ok=1
Cmd: compileComputeKernel
  api=4 insize=7960 outsize=1574 ok=1
Cmd: compileComputeKernel
  api=18 insize=9919 outsize=7291 ok=1
Cmd: compileComputeKernel
  api=18 insize=9919 outsize=7283 ok=1
Cmd: compileComputeKernel
  api=18 insize=9919 outsize=7349 ok=1
Cmd: compileComputeKernel
  api=9 insize=9919 outsize=3955 ok=1
Cmd: compileComputeKernel
  api=9 insize=9919 outsize=3999 ok=1
Cmd: compileComputeKernel
  api=9 insize=9919 outsize=4002 ok=1
Cmd: compileComputeKernel
  api=9 insize=9919 outsize=4241 ok=1
Cmd: compileComputeKernel
  api=4 insize=9919 outsize=1879 ok=1
Cmd: compileComputeKernel
  api=4 insize=9919 outsize=1879 ok=1
Cmd: compileComputeKernel
  api=4 insize=9919 outsize=1911 ok=1
Cmd: compileComputeKernel
  api=4 insize=9919 outsize=1908 ok=1
Cmd: compileComputeKernel
  api=4 insize=9919 outsize=2057 ok=1
Cmd: compileComputeKernel
  api=18 insize=7335 outsize=6643 ok=1
Cmd: compileComputeKernel
  api=9 insize=7335 outsize=4096 ok=1
Cmd: compileComputeKernel
  api=9 insize=7335 outsize=3482 ok=1
Cmd: compileComputeKernel
  api=4 insize=7335 outsize=2128 ok=1
Cmd: compileComputeKernel
  api=4 insize=7335 outsize=1799 ok=1
Cmd: compileComputeKernel
  api=4 insize=7335 outsize=1426 ok=1
Cmd: compileComputeKernel
  error: 1 plat 18 at BarracudaReferenceImpl.compute(1256): array reference cannot be used as an l-value; not natively addressable, forcing loop to unroll
  error: 1 plat 18 at BarracudaReferenceImpl.compute(1266): array reference cannot be used as an l-value; not natively addressable, forcing loop to unroll
  api=18 insize=44336 outsize=32219 ok=1
Cmd: compileComputeKernel
  api=9 insize=44336 outsize=3431 ok=1
Cmd: compileComputeKernel
  api=9 insize=44336 outsize=2984 ok=1
Cmd: compileComputeKernel
  api=9 insize=44336 outsize=2961 ok=1
Cmd: compileComputeKernel
  api=9 insize=44336 outsize=2906 ok=1
Cmd: compileComputeKernel
  api=9 insize=44336 outsize=2867 ok=1
Cmd: compileComputeKernel
  api=9 insize=44336 outsize=2972 ok=1
Cmd: compileComputeKernel
  api=9 insize=44336 outsize=2896 ok=1
Cmd: compileComputeKernel
  api=9 insize=44336 outsize=4145 ok=1
Cmd: compileComputeKernel
  api=9 insize=44336 outsize=4910 ok=1
Cmd: compileComputeKernel
  api=9 insize=44336 outsize=4149 ok=1
Cmd: compileComputeKernel
  api=9 insize=44336 outsize=4195 ok=1
Cmd: compileComputeKernel
  api=9 insize=44336 outsize=4192 ok=1
Cmd: compileComputeKernel
  api=9 insize=44336 outsize=4431 ok=1
Cmd: compileComputeKernel
  api=9 insize=44336 outsize=2914 ok=1
Cmd: compileComputeKernel
  api=9 insize=44336 outsize=2929 ok=1
Cmd: compileComputeKernel
  api=9 insize=44336 outsize=3030 ok=1
Cmd: compileComputeKernel
  api=9 insize=44336 outsize=4390 ok=1
Cmd: compileComputeKernel
  api=9 insize=44336 outsize=3318 ok=1
Cmd: compileComputeKernel
  api=9 insize=44336 outsize=3852 ok=1
Cmd: compileComputeKernel
  api=4 insize=44336 outsize=1546 ok=1
Cmd: compileComputeKernel
  api=4 insize=44336 outsize=2742 ok=1
Cmd: compileComputeKernel
  api=4 insize=44336 outsize=2635 ok=1
Cmd: compileComputeKernel
  api=4 insize=44336 outsize=1574 ok=1
Cmd: compileComputeKernel
  api=4 insize=44336 outsize=1684 ok=1
Cmd: compileComputeKernel
  api=4 insize=44336 outsize=2024 ok=1
Cmd: compileComputeKernel
  api=4 insize=44336 outsize=1426 ok=1
Cmd: compileComputeKernel
  api=4 insize=44336 outsize=1592 ok=1
Cmd: compileComputeKernel
  api=4 insize=44336 outsize=3027 ok=1
Cmd: compileComputeKernel
  api=4 insize=44336 outsize=1282 ok=1
Cmd: compileComputeKernel
  api=4 insize=44336 outsize=1364 ok=1
Cmd: compileComputeKernel
  api=4 insize=44336 outsize=1677 ok=1
Cmd: compileComputeKernel
  api=4 insize=44336 outsize=1378 ok=1
Cmd: compileComputeKernel
  api=4 insize=44336 outsize=1460 ok=1
Cmd: compileComputeKernel
  api=4 insize=44336 outsize=1856 ok=1
Cmd: compileComputeKernel
  api=4 insize=44336 outsize=1306 ok=1
Cmd: compileComputeKernel
  api=4 insize=44336 outsize=1306 ok=1
Cmd: compileComputeKernel
  api=4 insize=44336 outsize=1382 ok=1
Cmd: compileComputeKernel
  api=4 insize=44336 outsize=1879 ok=1
Cmd: compileComputeKernel
  api=4 insize=44336 outsize=1879 ok=1
Cmd: compileComputeKernel
  api=4 insize=44336 outsize=2319 ok=1
Cmd: compileComputeKernel
  api=4 insize=44336 outsize=1911 ok=1
Cmd: compileComputeKernel
  api=4 insize=44336 outsize=1916 ok=1
Cmd: compileComputeKernel
  api=4 insize=44336 outsize=1913 ok=1
Cmd: compileComputeKernel
  api=4 insize=44336 outsize=2057 ok=1
Cmd: compileComputeKernel
  api=4 insize=44336 outsize=2058 ok=1
Cmd: compileComputeKernel
  api=4 insize=44336 outsize=1336 ok=1
Cmd: compileComputeKernel
  api=4 insize=44336 outsize=1389 ok=1
Cmd: compileComputeKernel
  api=4 insize=44336 outsize=1337 ok=1
Cmd: compileComputeKernel
  api=4 insize=44336 outsize=2994 ok=1
Cmd: compileComputeKernel
  api=4 insize=44336 outsize=1706 ok=1
Cmd: compileComputeKernel
  api=18 insize=64076 outsize=31561 ok=1
Cmd: compileComputeKernel
  api=9 insize=64076 outsize=10677 ok=1
Cmd: compileComputeKernel
  api=4 insize=64076 outsize=4640 ok=1
Cmd: compileComputeKernel
  api=18 insize=29386 outsize=2269 ok=1
Cmd: compileComputeKernel
  api=18 insize=29386 outsize=3150 ok=1
Cmd: compileComputeKernel
  api=18 insize=29386 outsize=3223 ok=1
Cmd: compileComputeKernel
  api=18 insize=29386 outsize=4178 ok=1
Cmd: compileComputeKernel
  api=18 insize=29386 outsize=3985 ok=1
Cmd: compileComputeKernel
  api=18 insize=29386 outsize=3309 ok=1
Cmd: compileComputeKernel
  api=18 insize=29386 outsize=3333 ok=1
Cmd: compileComputeKernel
  api=18 insize=29386 outsize=3193 ok=1
Cmd: compileComputeKernel
  api=18 insize=29386 outsize=3193 ok=1
Cmd: compileComputeKernel
  api=18 insize=29386 outsize=3373 ok=1
Cmd: compileComputeKernel
  api=18 insize=29386 outsize=3471 ok=1
Cmd: compileComputeKernel
  api=18 insize=29386 outsize=2516 ok=1
Cmd: compileComputeKernel
  api=18 insize=29386 outsize=5379 ok=1
Cmd: compileComputeKernel
  api=18 insize=29386 outsize=5452 ok=1
Cmd: compileComputeKernel
  api=18 insize=29386 outsize=6139 ok=1
Cmd: compileComputeKernel
  api=18 insize=29386 outsize=5584 ok=1
Cmd: compileComputeKernel
  api=18 insize=29386 outsize=5848 ok=1
Cmd: compileComputeKernel
  api=18 insize=29386 outsize=5747 ok=1
Cmd: compileComputeKernel
  api=18 insize=29386 outsize=5575 ok=1
Cmd: compileComputeKernel
  api=18 insize=29386 outsize=5544 ok=1
Cmd: compileComputeKernel
  api=18 insize=29386 outsize=5765 ok=1
Cmd: compileComputeKernel
  api=18 insize=29386 outsize=6606 ok=1
Cmd: compileComputeKernel
  api=18 insize=29386 outsize=5783 ok=1
Cmd: compileComputeKernel
  api=9 insize=29386 outsize=1775 ok=1
Cmd: compileComputeKernel
  api=9 insize=29386 outsize=1460 ok=1
Cmd: compileComputeKernel
  api=9 insize=29386 outsize=2335 ok=1
Cmd: compileComputeKernel
  api=9 insize=29386 outsize=2477 ok=1
Cmd: compileComputeKernel
  api=9 insize=29386 outsize=2032 ok=1
Cmd: compileComputeKernel
  api=9 insize=29386 outsize=1666 ok=1
Cmd: compileComputeKernel
  api=9 insize=29386 outsize=1659 ok=1
Cmd: compileComputeKernel
  api=9 insize=29386 outsize=2185 ok=1
Cmd: compileComputeKernel
  api=9 insize=29386 outsize=1910 ok=1
Cmd: compileComputeKernel
  api=9 insize=29386 outsize=1523 ok=1
Cmd: compileComputeKernel
  api=9 insize=29386 outsize=1525 ok=1
Cmd: compileComputeKernel
  api=9 insize=29386 outsize=1755 ok=1
Cmd: compileComputeKernel
  api=9 insize=29386 outsize=1941 ok=1
Cmd: compileComputeKernel
  api=9 insize=29386 outsize=1561 ok=1
Cmd: compileComputeKernel
  api=9 insize=29386 outsize=1856 ok=1
Cmd: compileComputeKernel
  api=9 insize=29386 outsize=2936 ok=1
Cmd: compileComputeKernel
  api=9 insize=29386 outsize=2970 ok=1
Cmd: compileComputeKernel
  api=9 insize=29386 outsize=2467 ok=1
Cmd: compileComputeKernel
  api=9 insize=29386 outsize=3133 ok=1
Cmd: compileComputeKernel
  api=9 insize=29386 outsize=3190 ok=1
Cmd: compileComputeKernel
  api=9 insize=29386 outsize=2920 ok=1
Cmd: compileComputeKernel
  api=9 insize=29386 outsize=3164 ok=1
Cmd: compileComputeKernel
  api=9 insize=29386 outsize=3022 ok=1
Cmd: compileComputeKernel
  api=9 insize=29386 outsize=2920 ok=1
Cmd: compileComputeKernel
  api=9 insize=29386 outsize=2968 ok=1
Cmd: compileComputeKernel
  api=9 insize=29386 outsize=2803 ok=1
Cmd: compileComputeKernel
  api=9 insize=29386 outsize=3027 ok=1
Cmd: compileComputeKernel
  api=9 insize=29386 outsize=3298 ok=1
Cmd: compileComputeKernel
  api=9 insize=29386 outsize=3033 ok=1
Cmd: compileComputeKernel
  api=4 insize=29386 outsize=629 ok=1
Cmd: compileComputeKernel
  api=4 insize=29386 outsize=680 ok=1
Cmd: compileComputeKernel
  api=4 insize=29386 outsize=682 ok=1
Cmd: compileComputeKernel
  api=4 insize=29386 outsize=695 ok=1
Cmd: compileComputeKernel
  api=4 insize=29386 outsize=1069 ok=1
Cmd: compileComputeKernel
  api=4 insize=29386 outsize=910 ok=1
Cmd: compileComputeKernel
  api=4 insize=29386 outsize=1005 ok=1
Cmd: compileComputeKernel
  api=4 insize=29386 outsize=854 ok=1
Cmd: compileComputeKernel
  api=4 insize=29386 outsize=817 ok=1
Cmd: compileComputeKernel
  api=4 insize=29386 outsize=855 ok=1
Cmd: compileComputeKernel
  api=4 insize=29386 outsize=950 ok=1
Cmd: compileComputeKernel
  api=4 insize=29386 outsize=805 ok=1
Cmd: compileComputeKernel
  api=4 insize=29386 outsize=701 ok=1
Cmd: compileComputeKernel
  api=4 insize=29386 outsize=701 ok=1
Cmd: compileComputeKernel
  api=4 insize=29386 outsize=854 ok=1
Cmd: compileComputeKernel
  api=4 insize=29386 outsize=872 ok=1
Cmd: compileComputeKernel
  api=4 insize=29386 outsize=1224 ok=1
Cmd: compileComputeKernel
  api=4 insize=29386 outsize=1856 ok=1
Cmd: compileComputeKernel
  api=4 insize=29386 outsize=1479 ok=1
Cmd: compileComputeKernel
  api=4 insize=29386 outsize=1515 ok=1
Cmd: compileComputeKernel
  api=4 insize=29386 outsize=1364 ok=1
Cmd: compileComputeKernel
  api=4 insize=29386 outsize=1355 ok=1
Cmd: compileComputeKernel
  api=4 insize=29386 outsize=1437 ok=1
Cmd: compileComputeKernel
  api=4 insize=29386 outsize=1397 ok=1
Cmd: compileComputeKernel
  api=4 insize=29386 outsize=1291 ok=1
Cmd: compileComputeKernel
  api=4 insize=29386 outsize=1283 ok=1
Cmd: compileComputeKernel
  api=4 insize=29386 outsize=1283 ok=1
Cmd: compileComputeKernel
  api=4 insize=29386 outsize=1279 ok=1
Cmd: compileComputeKernel
  api=4 insize=29386 outsize=1364 ok=1
Cmd: compileComputeKernel
  api=4 insize=29386 outsize=1613 ok=1
Cmd: compileComputeKernel
  api=18 insize=24335 outsize=10747 ok=1
Cmd: compileComputeKernel
  api=9 insize=24335 outsize=21175 ok=1
Cmd: compileComputeKernel
  api=18 insize=24335 outsize=48316 ok=1
Cmd: compileComputeKernel
  api=4 insize=24335 outsize=4144 ok=1
Cmd: compileComputeKernel
  api=4 insize=24335 outsize=2904 ok=1
Cmd: compileComputeKernel
  api=4 insize=24335 outsize=3565 ok=1
Cmd: compileComputeKernel
  api=18 insize=4081 outsize=5875 ok=1
Cmd: compileComputeKernel
  api=9 insize=4081 outsize=3185 ok=1
Cmd: compileComputeKernel
  api=9 insize=4081 outsize=3780 ok=1
Cmd: compileComputeKernel
  api=4 insize=4081 outsize=1776 ok=1
Cmd: compileComputeKernel
  api=4 insize=1810 outsize=3117 ok=1
