Base path: 'D:/Unity Setup (2)/2019.3.9f1/Editor/Data', plugins path 'D:/Unity Setup (2)/2019.3.9f1/Editor/Data/PlaybackEngines'
Cmd: initializeCompiler
Cmd: compileComputeKernel
  api=18 insize=12470 outsize=6903 ok=1
Cmd: compileComputeKernel
  api=18 insize=12470 outsize=5868 ok=1
Cmd: compileComputeKernel
  api=18 insize=12470 outsize=5824 ok=1
Cmd: compileComputeKernel
  api=18 insize=12470 outsize=7052 ok=1
Cmd: compileComputeKernel
  api=9 insize=12470 outsize=3457 ok=1
Cmd: compileComputeKernel
  api=9 insize=12470 outsize=3558 ok=1
Cmd: compileComputeKernel
  api=9 insize=12470 outsize=2524 ok=1
Cmd: compileComputeKernel
  api=9 insize=12470 outsize=2655 ok=1
Cmd: compileComputeKernel
  api=9 insize=12470 outsize=3848 ok=1
Cmd: compileComputeKernel
  api=9 insize=12470 outsize=3896 ok=1
Cmd: compileComputeKernel
  api=9 insize=12470 outsize=4035 ok=1
Cmd: compileComputeKernel
  api=9 insize=12470 outsize=3317 ok=1
Cmd: compileComputeKernel
  api=9 insize=12470 outsize=5168 ok=1
Cmd: compileComputeKernel
  api=9 insize=12470 outsize=4794 ok=1
Cmd: compileComputeKernel
  api=9 insize=12470 outsize=2917 ok=1
Cmd: compileComputeKernel
  api=9 insize=12470 outsize=3661 ok=1
Cmd: compileComputeKernel
  api=4 insize=12470 outsize=1499 ok=1
Cmd: compileComputeKernel
  api=4 insize=12470 outsize=1099 ok=1
Cmd: compileComputeKernel
  api=4 insize=12470 outsize=1198 ok=1
Cmd: compileComputeKernel
  api=4 insize=12470 outsize=1848 ok=1
Cmd: compileComputeKernel
  api=4 insize=12470 outsize=1931 ok=1
Cmd: compileComputeKernel
  api=4 insize=12470 outsize=2631 ok=1
Cmd: compileComputeKernel
  api=4 insize=12470 outsize=2218 ok=1
Cmd: compileComputeKernel
  api=18 insize=12520 outsize=7295 ok=1
Cmd: compileComputeKernel
  api=18 insize=12520 outsize=7295 ok=1
Cmd: compileComputeKernel
  api=18 insize=12520 outsize=8751 ok=1
Cmd: compileComputeKernel
  api=18 insize=12520 outsize=7303 ok=1
Cmd: compileComputeKernel
  api=18 insize=12520 outsize=7826 ok=1
Cmd: compileComputeKernel
  api=18 insize=12520 outsize=7364 ok=1
Cmd: compileComputeKernel
  api=18 insize=12520 outsize=7993 ok=1
Cmd: compileComputeKernel
  api=18 insize=12520 outsize=8010 ok=1
Cmd: compileComputeKernel
  api=18 insize=12520 outsize=7994 ok=1
Cmd: compileComputeKernel
  api=9 insize=12520 outsize=3942 ok=1
Cmd: compileComputeKernel
  api=9 insize=12520 outsize=3943 ok=1
Cmd: compileComputeKernel
  api=9 insize=12520 outsize=3943 ok=1
Cmd: compileComputeKernel
  api=9 insize=12520 outsize=3983 ok=1
Cmd: compileComputeKernel
  api=9 insize=12520 outsize=3989 ok=1
Cmd: compileComputeKernel
  api=9 insize=12520 outsize=3980 ok=1
Cmd: compileComputeKernel
  api=9 insize=12520 outsize=3980 ok=1
Cmd: compileComputeKernel
  api=9 insize=12520 outsize=3986 ok=1
Cmd: compileComputeKernel
  api=9 insize=12520 outsize=3982 ok=1
Cmd: compileComputeKernel
  api=9 insize=12520 outsize=4225 ok=1
Cmd: compileComputeKernel
  api=9 insize=12520 outsize=4226 ok=1
Cmd: compileComputeKernel
  api=4 insize=12520 outsize=1819 ok=1
Cmd: compileComputeKernel
  api=4 insize=12520 outsize=1819 ok=1
Cmd: compileComputeKernel
  api=4 insize=12520 outsize=1819 ok=1
Cmd: compileComputeKernel
  api=4 insize=12520 outsize=1819 ok=1
Cmd: compileComputeKernel
  api=4 insize=12520 outsize=1819 ok=1
Cmd: compileComputeKernel
  api=4 insize=12520 outsize=1851 ok=1
Cmd: compileComputeKernel
  api=4 insize=12520 outsize=1856 ok=1
Cmd: compileComputeKernel
  api=4 insize=12520 outsize=1998 ok=1
Cmd: compileComputeKernel
  api=9 insize=20339 outsize=4420 ok=1
Cmd: compileComputeKernel
  api=18 insize=20339 outsize=14279 ok=1
Cmd: compileComputeKernel
  api=18 insize=20339 outsize=14096 ok=1
Cmd: compileComputeKernel
  api=18 insize=20339 outsize=21933 ok=1
Cmd: compileComputeKernel
  api=9 insize=20339 outsize=4439 ok=1
Cmd: compileComputeKernel
  api=9 insize=20339 outsize=7014 ok=1
Cmd: compileComputeKernel
  api=9 insize=20339 outsize=7157 ok=1
Cmd: compileComputeKernel
  api=9 insize=20339 outsize=12013 ok=1
Cmd: compileComputeKernel
  api=4 insize=20339 outsize=2113 ok=1
Cmd: compileComputeKernel
  api=4 insize=20339 outsize=2037 ok=1
Cmd: compileComputeKernel
  api=4 insize=20339 outsize=3171 ok=1
Cmd: compileComputeKernel
  api=4 insize=20339 outsize=3039 ok=1
Cmd: compileComputeKernel
  api=4 insize=20339 outsize=5385 ok=1
Cmd: compileComputeKernel
  api=18 insize=61144 outsize=7530 ok=1
Cmd: compileComputeKernel
  api=18 insize=61144 outsize=44335 ok=1
Cmd: compileComputeKernel
  api=18 insize=61144 outsize=9309 ok=1
Cmd: compileComputeKernel
  api=18 insize=61144 outsize=5935 ok=1
Cmd: compileComputeKernel
  api=18 insize=61144 outsize=7307 ok=1
Cmd: compileComputeKernel
  api=18 insize=61144 outsize=13035 ok=1
Cmd: compileComputeKernel
  api=18 insize=61144 outsize=5974 ok=1
Cmd: compileComputeKernel
  api=18 insize=61144 outsize=7219 ok=1
Cmd: compileComputeKernel
  api=18 insize=61144 outsize=6568 ok=1
Cmd: compileComputeKernel
  api=18 insize=61144 outsize=6049 ok=1
Cmd: compileComputeKernel
  api=18 insize=61144 outsize=6159 ok=1
Cmd: compileComputeKernel
  api=18 insize=61144 outsize=6583 ok=1
Cmd: compileComputeKernel
  api=18 insize=61144 outsize=5956 ok=1
Cmd: compileComputeKernel
  api=18 insize=61144 outsize=6195 ok=1
Cmd: compileComputeKernel
  api=18 insize=61144 outsize=6220 ok=1
Cmd: compileComputeKernel
  api=18 insize=61144 outsize=8067 ok=1
Cmd: compileComputeKernel
  api=18 insize=61144 outsize=8051 ok=1
Cmd: compileComputeKernel
  api=18 insize=61144 outsize=9491 ok=1
Cmd: compileComputeKernel
  api=18 insize=61144 outsize=8598 ok=1
Cmd: compileComputeKernel
  api=18 insize=61144 outsize=8128 ok=1
Cmd: compileComputeKernel
  api=18 insize=61144 outsize=8125 ok=1
Cmd: compileComputeKernel
  api=18 insize=61144 outsize=8733 ok=1
Cmd: compileComputeKernel
  api=18 insize=61144 outsize=8750 ok=1
Cmd: compileComputeKernel
  api=18 insize=61144 outsize=6042 ok=1
Cmd: compileComputeKernel
  api=18 insize=61144 outsize=5885 ok=1
Cmd: compileComputeKernel
  api=18 insize=61144 outsize=6093 ok=1
Cmd: compileComputeKernel
  api=18 insize=61144 outsize=5878 ok=1
Cmd: compileComputeKernel
  api=18 insize=61144 outsize=12872 ok=1
Cmd: compileComputeKernel
  api=18 insize=61144 outsize=7322 ok=1
Cmd: compileComputeKernel
  api=18 insize=61144 outsize=7928 ok=1
Cmd: compileComputeKernel
  api=18 insize=61144 outsize=6499 ok=1
Cmd: compileComputeKernel
  api=9 insize=61144 outsize=3737 ok=1
Cmd: compileComputeKernel
  api=9 insize=61144 outsize=6417 ok=1
Cmd: compileComputeKernel
  api=9 insize=61144 outsize=5689 ok=1
Cmd: compileComputeKernel
  api=9 insize=61144 outsize=5611 ok=1
Cmd: compileComputeKernel
  api=9 insize=61144 outsize=6840 ok=1
Cmd: compileComputeKernel
  api=9 insize=61144 outsize=6860 ok=1
Cmd: compileComputeKernel
  api=9 insize=61144 outsize=3436 ok=1
Cmd: compileComputeKernel
  api=9 insize=61144 outsize=3673 ok=1
Cmd: compileComputeKernel
  api=9 insize=61144 outsize=4621 ok=1
Cmd: compileComputeKernel
  api=9 insize=61144 outsize=3049 ok=1
Cmd: compileComputeKernel
  api=9 insize=61144 outsize=3192 ok=1
Cmd: compileComputeKernel
  api=9 insize=61144 outsize=3708 ok=1
Cmd: compileComputeKernel
  api=9 insize=61144 outsize=6603 ok=1
Cmd: compileComputeKernel
  api=9 insize=61144 outsize=3043 ok=1
Cmd: compileComputeKernel
  api=9 insize=61144 outsize=3128 ok=1
Cmd: compileComputeKernel
  api=9 insize=61144 outsize=3496 ok=1
Cmd: compileComputeKernel
  api=9 insize=61144 outsize=3338 ok=1
Cmd: compileComputeKernel
  api=9 insize=61144 outsize=3253 ok=1
Cmd: compileComputeKernel
  api=9 insize=61144 outsize=4159 ok=1
Cmd: compileComputeKernel
  api=9 insize=61144 outsize=3040 ok=1
Cmd: compileComputeKernel
  api=9 insize=61144 outsize=3041 ok=1
Cmd: compileComputeKernel
  api=9 insize=61144 outsize=3740 ok=1
Cmd: compileComputeKernel
  api=9 insize=61144 outsize=3036 ok=1
Cmd: compileComputeKernel
  api=9 insize=61144 outsize=4201 ok=1
Cmd: compileComputeKernel
  api=9 insize=61144 outsize=4198 ok=1
Cmd: compileComputeKernel
  api=9 insize=61144 outsize=4963 ok=1
Cmd: compileComputeKernel
  api=9 insize=61144 outsize=4388 ok=1
Cmd: compileComputeKernel
  api=9 insize=61144 outsize=4248 ok=1
Cmd: compileComputeKernel
  api=9 insize=61144 outsize=4239 ok=1
Cmd: compileComputeKernel
  api=9 insize=61144 outsize=4241 ok=1
Cmd: compileComputeKernel
  api=9 insize=61144 outsize=4484 ok=1
Cmd: compileComputeKernel
  api=9 insize=61144 outsize=3048 ok=1
Cmd: compileComputeKernel
  api=9 insize=61144 outsize=3063 ok=1
Cmd: compileComputeKernel
  api=9 insize=61144 outsize=3109 ok=1
Cmd: compileComputeKernel
  api=9 insize=61144 outsize=4845 ok=1
Cmd: compileComputeKernel
  api=9 insize=61144 outsize=7762 ok=1
Cmd: compileComputeKernel
  api=9 insize=61144 outsize=3202 ok=1
Cmd: compileComputeKernel
  api=9 insize=61144 outsize=3985 ok=1
Cmd: compileComputeKernel
  api=9 insize=61144 outsize=3113 ok=1
Cmd: compileComputeKernel
  api=4 insize=61144 outsize=1686 ok=1
Cmd: compileComputeKernel
  api=4 insize=61144 outsize=11643 ok=1
Cmd: compileComputeKernel
  api=4 insize=61144 outsize=1579 ok=1
Cmd: compileComputeKernel
  api=4 insize=61144 outsize=1689 ok=1
Cmd: compileComputeKernel
  api=4 insize=61144 outsize=2077 ok=1
Cmd: compileComputeKernel
  api=4 insize=61144 outsize=1335 ok=1
Cmd: compileComputeKernel
  api=4 insize=61144 outsize=1431 ok=1
Cmd: compileComputeKernel
  api=4 insize=61144 outsize=1647 ok=1
Cmd: compileComputeKernel
  api=4 insize=61144 outsize=3271 ok=1
Cmd: compileComputeKernel
  api=4 insize=61144 outsize=1324 ok=1
Cmd: compileComputeKernel
  api=4 insize=61144 outsize=1287 ok=1
Cmd: compileComputeKernel
  api=4 insize=61144 outsize=1310 ok=1
Cmd: compileComputeKernel
  api=4 insize=61144 outsize=1682 ok=1
Cmd: compileComputeKernel
  api=4 insize=61144 outsize=1520 ok=1
Cmd: compileComputeKernel
  api=4 insize=61144 outsize=1321 ok=1
Cmd: compileComputeKernel
  api=4 insize=61144 outsize=1465 ok=1
Cmd: compileComputeKernel
  api=4 insize=61144 outsize=1861 ok=1
Cmd: compileComputeKernel
  api=4 insize=61144 outsize=1547 ok=1
Cmd: compileComputeKernel
  api=4 insize=61144 outsize=1284 ok=1
Cmd: compileComputeKernel
  api=4 insize=61144 outsize=1387 ok=1
Cmd: compileComputeKernel
  api=4 insize=61144 outsize=1819 ok=1
Cmd: compileComputeKernel
  api=4 insize=61144 outsize=1819 ok=1
Cmd: compileComputeKernel
  api=4 insize=61144 outsize=2259 ok=1
Cmd: compileComputeKernel
  api=4 insize=61144 outsize=1819 ok=1
Cmd: compileComputeKernel
  api=4 insize=61144 outsize=1974 ok=1
Cmd: compileComputeKernel
  api=4 insize=61144 outsize=1856 ok=1
Cmd: compileComputeKernel
  api=4 insize=61144 outsize=1853 ok=1
Cmd: compileComputeKernel
  api=4 insize=61144 outsize=1998 ok=1
Cmd: compileComputeKernel
  api=4 insize=61144 outsize=1998 ok=1
Cmd: compileComputeKernel
  api=4 insize=61144 outsize=1341 ok=1
Cmd: compileComputeKernel
  api=4 insize=61144 outsize=1301 ok=1
Cmd: compileComputeKernel
  api=4 insize=61144 outsize=1394 ok=1
Cmd: compileComputeKernel
  api=4 insize=61144 outsize=1342 ok=1
Cmd: compileComputeKernel
  api=4 insize=61144 outsize=3544 ok=1
Cmd: compileComputeKernel
  api=4 insize=61144 outsize=1590 ok=1
Cmd: compileComputeKernel
  api=4 insize=61144 outsize=1449 ok=1
Cmd: compileComputeKernel
  api=4 insize=61144 outsize=1750 ok=1
Cmd: compileComputeKernel
  api=4 insize=61144 outsize=2421 ok=1
Cmd: compileComputeKernel
  api=18 insize=75405 outsize=41137 ok=1
Cmd: compileComputeKernel
  api=18 insize=75405 outsize=34597 ok=1
Cmd: compileComputeKernel
  api=9 insize=75405 outsize=25324 ok=1
Cmd: compileComputeKernel
  api=9 insize=75405 outsize=16029 ok=1
Cmd: compileComputeKernel
  api=9 insize=75405 outsize=12541 ok=1
Cmd: compileComputeKernel
  api=4 insize=75405 outsize=2761 ok=1
Cmd: compileComputeKernel
  api=4 insize=75405 outsize=2761 ok=1
Cmd: compileComputeKernel
  api=4 insize=75405 outsize=7893 ok=1
Cmd: compileComputeKernel
  api=18 insize=34823 outsize=3173 ok=1
Cmd: compileComputeKernel
  api=18 insize=34823 outsize=3443 ok=1
Cmd: compileComputeKernel
  api=18 insize=34823 outsize=3275 ok=1
Cmd: compileComputeKernel
  api=18 insize=34823 outsize=4561 ok=1
Cmd: compileComputeKernel
  api=18 insize=34823 outsize=4037 ok=1
Cmd: compileComputeKernel
  api=18 insize=34823 outsize=3361 ok=1
Cmd: compileComputeKernel
  api=18 insize=34823 outsize=3967 ok=1
Cmd: compileComputeKernel
  api=18 insize=34823 outsize=3628 ok=1
Cmd: compileComputeKernel
  api=18 insize=34823 outsize=2397 ok=1
Cmd: compileComputeKernel
  api=18 insize=34823 outsize=3403 ok=1
Cmd: compileComputeKernel
  api=18 insize=34823 outsize=3268 ok=1
Cmd: compileComputeKernel
  api=18 insize=34823 outsize=3421 ok=1
Cmd: compileComputeKernel
  api=18 insize=34823 outsize=5637 ok=1
Cmd: compileComputeKernel
  api=18 insize=34823 outsize=5509 ok=1
Cmd: compileComputeKernel
  api=18 insize=34823 outsize=4564 ok=1
Cmd: compileComputeKernel
  api=18 insize=34823 outsize=6212 ok=1
Cmd: compileComputeKernel
  api=18 insize=34823 outsize=5641 ok=1
Cmd: compileComputeKernel
  api=18 insize=34823 outsize=5764 ok=1
Cmd: compileComputeKernel
  api=18 insize=34823 outsize=5619 ok=1
Cmd: compileComputeKernel
  api=18 insize=34823 outsize=5680 ok=1
Cmd: compileComputeKernel
  api=18 insize=34823 outsize=5479 ok=1
Cmd: compileComputeKernel
  api=18 insize=34823 outsize=5585 ok=1
Cmd: compileComputeKernel
  api=18 insize=34823 outsize=5838 ok=1
Cmd: compileComputeKernel
  api=18 insize=34823 outsize=6702 ok=1
Cmd: compileComputeKernel
  api=18 insize=34823 outsize=5824 ok=1
Cmd: compileComputeKernel
  api=9 insize=34823 outsize=1869 ok=1
Cmd: compileComputeKernel
  api=9 insize=34823 outsize=1781 ok=1
Cmd: compileComputeKernel
  api=9 insize=34823 outsize=1815 ok=1
Cmd: compileComputeKernel
  api=9 insize=34823 outsize=2357 ok=1
Cmd: compileComputeKernel
  api=9 insize=34823 outsize=2079 ok=1
Cmd: compileComputeKernel
  api=9 insize=34823 outsize=2032 ok=1
Cmd: compileComputeKernel
  api=9 insize=34823 outsize=1892 ok=1
Cmd: compileComputeKernel
  api=9 insize=34823 outsize=2000 ok=1
Cmd: compileComputeKernel
  api=9 insize=34823 outsize=1990 ok=1
Cmd: compileComputeKernel
  api=9 insize=34823 outsize=2125 ok=1
Cmd: compileComputeKernel
  api=9 insize=34823 outsize=1967 ok=1
Cmd: compileComputeKernel
  api=9 insize=34823 outsize=1523 ok=1
Cmd: compileComputeKernel
  api=9 insize=34823 outsize=1913 ok=1
Cmd: compileComputeKernel
  api=9 insize=34823 outsize=1872 ok=1
Cmd: compileComputeKernel
  api=9 insize=34823 outsize=1820 ok=1
Cmd: compileComputeKernel
  api=9 insize=34823 outsize=1878 ok=1
Cmd: compileComputeKernel
  api=9 insize=34823 outsize=2963 ok=1
Cmd: compileComputeKernel
  api=9 insize=34823 outsize=2997 ok=1
Cmd: compileComputeKernel
  api=9 insize=34823 outsize=3986 ok=1
Cmd: compileComputeKernel
  api=9 insize=34823 outsize=3261 ok=1
Cmd: compileComputeKernel
  api=9 insize=34823 outsize=3167 ok=1
Cmd: compileComputeKernel
  api=9 insize=34823 outsize=2957 ok=1
Cmd: compileComputeKernel
  api=9 insize=34823 outsize=2947 ok=1
Cmd: compileComputeKernel
  api=9 insize=34823 outsize=3082 ok=1
Cmd: compileComputeKernel
  api=9 insize=34823 outsize=2924 ok=1
Cmd: compileComputeKernel
  api=9 insize=34823 outsize=2869 ok=1
Cmd: compileComputeKernel
  api=9 insize=34823 outsize=2947 ok=1
Cmd: compileComputeKernel
  api=9 insize=34823 outsize=2948 ok=1
Cmd: compileComputeKernel
  api=9 insize=34823 outsize=2912 ok=1
Cmd: compileComputeKernel
  api=9 insize=34823 outsize=3054 ok=1
Cmd: compileComputeKernel
  api=9 insize=34823 outsize=3324 ok=1
Cmd: compileComputeKernel
  api=9 insize=34823 outsize=3060 ok=1
Cmd: compileComputeKernel
  api=4 insize=34823 outsize=629 ok=1
Cmd: compileComputeKernel
  api=4 insize=34823 outsize=680 ok=1
Cmd: compileComputeKernel
  api=4 insize=34823 outsize=711 ok=1
Cmd: compileComputeKernel
  api=4 insize=34823 outsize=937 ok=1
Cmd: compileComputeKernel
  api=4 insize=34823 outsize=759 ok=1
Cmd: compileComputeKernel
  api=4 insize=34823 outsize=773 ok=1
Cmd: compileComputeKernel
  api=4 insize=34823 outsize=868 ok=1
Cmd: compileComputeKernel
  api=4 insize=34823 outsize=855 ok=1
Cmd: compileComputeKernel
  api=4 insize=34823 outsize=950 ok=1
Cmd: compileComputeKernel
  api=4 insize=34823 outsize=805 ok=1
Cmd: compileComputeKernel
  api=4 insize=34823 outsize=677 ok=1
Cmd: compileComputeKernel
  api=4 insize=34823 outsize=796 ok=1
Cmd: compileComputeKernel
  api=4 insize=34823 outsize=716 ok=1
Cmd: compileComputeKernel
  api=4 insize=34823 outsize=811 ok=1
Cmd: compileComputeKernel
  api=4 insize=34823 outsize=1292 ok=1
Cmd: compileComputeKernel
  api=4 insize=34823 outsize=1229 ok=1
Cmd: compileComputeKernel
  api=4 insize=34823 outsize=1321 ok=1
Cmd: compileComputeKernel
  api=4 insize=34823 outsize=1861 ok=1
Cmd: compileComputeKernel
  api=4 insize=34823 outsize=1547 ok=1
Cmd: compileComputeKernel
  api=4 insize=34823 outsize=1520 ok=1
Cmd: compileComputeKernel
  api=4 insize=34823 outsize=1457 ok=1
Cmd: compileComputeKernel
  api=4 insize=34823 outsize=1369 ok=1
Cmd: compileComputeKernel
  api=4 insize=34823 outsize=1383 ok=1
Cmd: compileComputeKernel
  api=4 insize=34823 outsize=1320 ok=1
Cmd: compileComputeKernel
  api=4 insize=34823 outsize=1442 ok=1
Cmd: compileComputeKernel
  api=4 insize=34823 outsize=1359 ok=1
Cmd: compileComputeKernel
  api=4 insize=34823 outsize=1288 ok=1
Cmd: compileComputeKernel
  api=4 insize=34823 outsize=1311 ok=1
Cmd: compileComputeKernel
  api=4 insize=34823 outsize=1248 ok=1
Cmd: compileComputeKernel
  api=4 insize=34823 outsize=1221 ok=1
Cmd: compileComputeKernel
  api=4 insize=34823 outsize=1369 ok=1
Cmd: compileComputeKernel
  api=4 insize=34823 outsize=1306 ok=1
Cmd: compileComputeKernel
  api=4 insize=34823 outsize=1618 ok=1
Cmd: compileComputeKernel
  api=4 insize=34823 outsize=1364 ok=1
Cmd: compileComputeKernel
  api=18 insize=76772 outsize=31376 ok=1
Cmd: compileComputeKernel
  api=18 insize=76772 outsize=37833 ok=1
Cmd: compileComputeKernel
  api=18 insize=76772 outsize=95122 ok=1
Cmd: compileComputeKernel
  api=18 insize=76772 outsize=85358 ok=1
Cmd: compileComputeKernel
  api=18 insize=76772 outsize=6992 ok=1
Cmd: compileComputeKernel
  api=18 insize=76772 outsize=8661 ok=1
Cmd: compileComputeKernel
  api=18 insize=76772 outsize=8337 ok=1
Cmd: compileComputeKernel
  api=18 insize=76772 outsize=22311 ok=1
Cmd: compileComputeKernel
  api=18 insize=76772 outsize=56972 ok=1
Cmd: compileComputeKernel
  api=9 insize=76772 outsize=5796 ok=1
Cmd: compileComputeKernel
  api=9 insize=76772 outsize=5815 ok=1
Cmd: compileComputeKernel
  api=9 insize=76772 outsize=14202 ok=1
Cmd: compileComputeKernel
  api=9 insize=76772 outsize=28198 ok=1
Cmd: compileComputeKernel
  api=9 insize=76772 outsize=54486 ok=1
Cmd: compileComputeKernel
  api=9 insize=76772 outsize=48196 ok=1
Cmd: compileComputeKernel
  api=9 insize=76772 outsize=53618 ok=1
Cmd: compileComputeKernel
  api=4 insize=76772 outsize=21350 ok=1
Cmd: compileComputeKernel
  api=4 insize=76772 outsize=32238 ok=1
Cmd: compileComputeKernel
  api=4 insize=76772 outsize=27610 ok=1
Cmd: compileComputeKernel
  api=18 insize=4598 outsize=6678 ok=1
Cmd: compileComputeKernel
  api=18 insize=4598 outsize=5841 ok=1
Cmd: compileComputeKernel
  api=18 insize=4598 outsize=7944 ok=1
Cmd: compileComputeKernel
  api=9 insize=4598 outsize=3212 ok=1
Cmd: compileComputeKernel
  api=9 insize=4598 outsize=2968 ok=1
Cmd: compileComputeKernel
  api=9 insize=4598 outsize=3779 ok=1
Cmd: compileComputeKernel
  api=4 insize=4598 outsize=1590 ok=1
Cmd: compileComputeKernel
  api=4 insize=4598 outsize=1449 ok=1
Cmd: compileComputeKernel
  api=4 insize=4598 outsize=1684 ok=1
Cmd: compileComputeKernel
  api=4 insize=4598 outsize=1750 ok=1
Cmd: compileComputeKernel
  api=9 insize=1971 outsize=6232 ok=1
Cmd: compileComputeKernel
  api=4 insize=1971 outsize=3122 ok=1
Cmd: initializeCompiler
Cmd: compileComputeKernel
  api=18 insize=7960 outsize=6410 ok=1
Cmd: compileComputeKernel
  api=9 insize=7960 outsize=3393 ok=1
Cmd: compileComputeKernel
  api=9 insize=7960 outsize=2460 ok=1
Cmd: compileComputeKernel
  api=9 insize=7960 outsize=3138 ok=1
Cmd: compileComputeKernel
  api=9 insize=7960 outsize=3354 ok=1
Cmd: compileComputeKernel
  api=9 insize=7960 outsize=2847 ok=1
Cmd: compileComputeKernel
  api=4 insize=7960 outsize=1553 ok=1
Cmd: compileComputeKernel
  api=4 insize=7960 outsize=1041 ok=1
Cmd: compileComputeKernel
  api=4 insize=7960 outsize=1022 ok=1
Cmd: compileComputeKernel
  api=4 insize=7960 outsize=1121 ok=1
Cmd: compileComputeKernel
  api=4 insize=7960 outsize=1531 ok=1
Cmd: compileComputeKernel
  api=4 insize=7960 outsize=1611 ok=1
Cmd: compileComputeKernel
  api=4 insize=7960 outsize=1359 ok=1
Cmd: compileComputeKernel
  api=18 insize=9919 outsize=7275 ok=1
Cmd: compileComputeKernel
  api=18 insize=9919 outsize=7283 ok=1
Cmd: compileComputeKernel
  api=18 insize=9919 outsize=7347 ok=1
Cmd: compileComputeKernel
  api=18 insize=9919 outsize=7345 ok=1
Cmd: compileComputeKernel
  api=18 insize=9919 outsize=7974 ok=1
Cmd: compileComputeKernel
  api=9 insize=9919 outsize=3955 ok=1
Cmd: compileComputeKernel
  api=9 insize=9919 outsize=3959 ok=1
Cmd: compileComputeKernel
  api=9 insize=9919 outsize=4005 ok=1
Cmd: compileComputeKernel
  api=9 insize=9919 outsize=3998 ok=1
Cmd: compileComputeKernel
  api=4 insize=9919 outsize=1883 ok=1
Cmd: compileComputeKernel
  api=4 insize=9919 outsize=2319 ok=1
Cmd: compileComputeKernel
  api=4 insize=9919 outsize=1879 ok=1
Cmd: compileComputeKernel
  api=4 insize=9919 outsize=1913 ok=1
Cmd: compileComputeKernel
  api=4 insize=9919 outsize=2058 ok=1
Cmd: compileComputeKernel
  api=18 insize=7335 outsize=8244 ok=1
Cmd: compileComputeKernel
  api=18 insize=7335 outsize=9994 ok=1
Cmd: compileComputeKernel
  api=18 insize=44336 outsize=12031 ok=1
Cmd: compileComputeKernel
  api=18 insize=44336 outsize=8820 ok=1
Cmd: compileComputeKernel
  api=18 insize=44336 outsize=5902 ok=1
Cmd: compileComputeKernel
  api=18 insize=44336 outsize=6481 ok=1
Cmd: compileComputeKernel
  api=18 insize=44336 outsize=5593 ok=1
Cmd: compileComputeKernel
  api=18 insize=44336 outsize=5800 ok=1
Cmd: compileComputeKernel
  api=18 insize=44336 outsize=6957 ok=1
Cmd: compileComputeKernel
  api=18 insize=44336 outsize=6048 ok=1
Cmd: compileComputeKernel
  api=18 insize=44336 outsize=6202 ok=1
Cmd: compileComputeKernel
  api=18 insize=44336 outsize=5575 ok=1
Cmd: compileComputeKernel
  api=18 insize=44336 outsize=5814 ok=1
Cmd: compileComputeKernel
  api=18 insize=44336 outsize=7823 ok=1
Cmd: compileComputeKernel
  api=18 insize=44336 outsize=7823 ok=1
Cmd: compileComputeKernel
  api=18 insize=44336 outsize=7831 ok=1
Cmd: compileComputeKernel
  api=18 insize=44336 outsize=7897 ok=1
Cmd: compileComputeKernel
  api=18 insize=44336 outsize=7893 ok=1
Cmd: compileComputeKernel
  api=18 insize=44336 outsize=8538 ok=1
Cmd: compileComputeKernel
  api=18 insize=44336 outsize=5720 ok=1
Cmd: compileComputeKernel
  api=18 insize=44336 outsize=5713 ok=1
Cmd: compileComputeKernel
  api=18 insize=44336 outsize=6247 ok=1
Cmd: compileComputeKernel
  api=18 insize=44336 outsize=7594 ok=1
Cmd: compileComputeKernel
  error: 1 plat 9 at BarracudaReferenceImpl.compute(1256): array reference cannot be used as an l-value; not natively addressable, forcing loop to unroll
  error: 1 plat 9 at BarracudaReferenceImpl.compute(1266): array reference cannot be used as an l-value; not natively addressable, forcing loop to unroll
  api=9 insize=44336 outsize=16268 ok=1
Cmd: compileComputeKernel
  api=4 insize=44336 outsize=2939 ok=1
Cmd: compileComputeKernel
  api=4 insize=44336 outsize=2072 ok=1
Cmd: compileComputeKernel
  api=4 insize=44336 outsize=1330 ok=1
Cmd: compileComputeKernel
  api=4 insize=44336 outsize=1662 ok=1
Cmd: compileComputeKernel
  api=4 insize=44336 outsize=1605 ok=1
Cmd: compileComputeKernel
  api=4 insize=44336 outsize=1319 ok=1
Cmd: compileComputeKernel
  api=4 insize=44336 outsize=1305 ok=1
Cmd: compileComputeKernel
  api=4 insize=44336 outsize=1626 ok=1
Cmd: compileComputeKernel
  api=4 insize=44336 outsize=1515 ok=1
Cmd: compileComputeKernel
  api=4 insize=44336 outsize=1316 ok=1
Cmd: compileComputeKernel
  api=4 insize=44336 outsize=1354 ok=1
Cmd: compileComputeKernel
  api=4 insize=44336 outsize=1542 ok=1
Cmd: compileComputeKernel
  api=4 insize=44336 outsize=1279 ok=1
Cmd: compileComputeKernel
  api=4 insize=44336 outsize=1772 ok=1
Cmd: compileComputeKernel
  api=4 insize=44336 outsize=1359 ok=1
Cmd: compileComputeKernel
  api=4 insize=44336 outsize=1883 ok=1
Cmd: compileComputeKernel
  api=4 insize=44336 outsize=1879 ok=1
Cmd: compileComputeKernel
  api=4 insize=44336 outsize=1879 ok=1
Cmd: compileComputeKernel
  api=4 insize=44336 outsize=1879 ok=1
Cmd: compileComputeKernel
  api=4 insize=44336 outsize=1908 ok=1
Cmd: compileComputeKernel
  api=4 insize=44336 outsize=1909 ok=1
Cmd: compileComputeKernel
  api=4 insize=44336 outsize=2058 ok=1
Cmd: compileComputeKernel
  api=4 insize=44336 outsize=1321 ok=1
Cmd: compileComputeKernel
  api=4 insize=44336 outsize=1336 ok=1
Cmd: compileComputeKernel
  api=4 insize=44336 outsize=1336 ok=1
Cmd: compileComputeKernel
  api=4 insize=44336 outsize=2011 ok=1
Cmd: compileComputeKernel
  api=4 insize=44336 outsize=1585 ok=1
Cmd: compileComputeKernel
  api=4 insize=44336 outsize=1475 ok=1
Cmd: compileComputeKernel
  api=4 insize=44336 outsize=1776 ok=1
Cmd: compileComputeKernel
  api=18 insize=64076 outsize=34629 ok=1
Cmd: compileComputeKernel
  api=9 insize=64076 outsize=6029 ok=1
Cmd: compileComputeKernel
  api=9 insize=64076 outsize=16552 ok=1
Cmd: compileComputeKernel
  api=4 insize=64076 outsize=12497 ok=1
Cmd: compileComputeKernel
  api=4 insize=64076 outsize=7477 ok=1
Cmd: compileComputeKernel
  api=18 insize=29386 outsize=3121 ok=1
Cmd: compileComputeKernel
  api=18 insize=29386 outsize=3148 ok=1
Cmd: compileComputeKernel
  api=18 insize=29386 outsize=2310 ok=1
Cmd: compileComputeKernel
  api=18 insize=29386 outsize=3466 ok=1
Cmd: compileComputeKernel
  api=18 insize=29386 outsize=4000 ok=1
Cmd: compileComputeKernel
  api=18 insize=29386 outsize=2671 ok=1
Cmd: compileComputeKernel
  api=18 insize=29386 outsize=2609 ok=1
Cmd: compileComputeKernel
  api=18 insize=29386 outsize=3862 ok=1
Cmd: compileComputeKernel
  api=18 insize=29386 outsize=3397 ok=1
Cmd: compileComputeKernel
  api=18 insize=29386 outsize=3130 ok=1
Cmd: compileComputeKernel
  api=18 insize=29386 outsize=3351 ok=1
Cmd: compileComputeKernel
  api=18 insize=29386 outsize=3216 ok=1
Cmd: compileComputeKernel
  api=18 insize=29386 outsize=3612 ok=1
Cmd: compileComputeKernel
  api=18 insize=29386 outsize=5605 ok=1
Cmd: compileComputeKernel
  api=18 insize=29386 outsize=4491 ok=1
Cmd: compileComputeKernel
  api=18 insize=29386 outsize=6171 ok=1
Cmd: compileComputeKernel
  api=18 insize=29386 outsize=6156 ok=1
Cmd: compileComputeKernel
  api=18 insize=29386 outsize=5538 ok=1
Cmd: compileComputeKernel
  api=18 insize=29386 outsize=5723 ok=1
Cmd: compileComputeKernel
  api=18 insize=29386 outsize=6001 ok=1
Cmd: compileComputeKernel
  api=18 insize=29386 outsize=5607 ok=1
Cmd: compileComputeKernel
  api=18 insize=29386 outsize=5607 ok=1
Cmd: compileComputeKernel
  api=18 insize=29386 outsize=5580 ok=1
Cmd: compileComputeKernel
  api=18 insize=29386 outsize=5751 ok=1
Cmd: compileComputeKernel
  api=9 insize=29386 outsize=1751 ok=1
Cmd: compileComputeKernel
  api=9 insize=29386 outsize=1871 ok=1
Cmd: compileComputeKernel
  api=9 insize=29386 outsize=1855 ok=1
Cmd: compileComputeKernel
  api=9 insize=29386 outsize=1527 ok=1
Cmd: compileComputeKernel
  api=9 insize=29386 outsize=2181 ok=1
Cmd: compileComputeKernel
  api=9 insize=29386 outsize=2188 ok=1
Cmd: compileComputeKernel
  api=9 insize=29386 outsize=1978 ok=1
Cmd: compileComputeKernel
  api=9 insize=29386 outsize=1968 ok=1
Cmd: compileComputeKernel
  api=9 insize=29386 outsize=2103 ok=1
Cmd: compileComputeKernel
  api=9 insize=29386 outsize=1790 ok=1
Cmd: compileComputeKernel
  api=9 insize=29386 outsize=1890 ok=1
Cmd: compileComputeKernel
  api=9 insize=29386 outsize=1891 ok=1
Cmd: compileComputeKernel
  api=9 insize=29386 outsize=1850 ok=1
Cmd: compileComputeKernel
  api=9 insize=29386 outsize=1798 ok=1
Cmd: compileComputeKernel
  api=9 insize=29386 outsize=1912 ok=1
Cmd: compileComputeKernel
  api=9 insize=29386 outsize=2807 ok=1
Cmd: compileComputeKernel
  api=9 insize=29386 outsize=2889 ok=1
Cmd: compileComputeKernel
  api=9 insize=29386 outsize=2923 ok=1
Cmd: compileComputeKernel
  api=9 insize=29386 outsize=3234 ok=1
Cmd: compileComputeKernel
  api=9 insize=29386 outsize=3187 ok=1
Cmd: compileComputeKernel
  api=9 insize=29386 outsize=3237 ok=1
Cmd: compileComputeKernel
  api=9 insize=29386 outsize=3047 ok=1
Cmd: compileComputeKernel
  api=9 insize=29386 outsize=3037 ok=1
Cmd: compileComputeKernel
  api=9 insize=29386 outsize=2990 ok=1
Cmd: compileComputeKernel
  api=9 insize=29386 outsize=3117 ok=1
Cmd: compileComputeKernel
  api=9 insize=29386 outsize=2975 ok=1
Cmd: compileComputeKernel
  api=9 insize=29386 outsize=2842 ok=1
Cmd: compileComputeKernel
  api=9 insize=29386 outsize=2921 ok=1
Cmd: compileComputeKernel
  api=9 insize=29386 outsize=2932 ok=1
Cmd: compileComputeKernel
  api=9 insize=29386 outsize=2980 ok=1
Cmd: compileComputeKernel
  api=9 insize=29386 outsize=3297 ok=1
Cmd: compileComputeKernel
  api=4 insize=29386 outsize=677 ok=1
Cmd: compileComputeKernel
  api=4 insize=29386 outsize=772 ok=1
Cmd: compileComputeKernel
  api=4 insize=29386 outsize=638 ok=1
Cmd: compileComputeKernel
  api=4 insize=29386 outsize=711 ok=1
Cmd: compileComputeKernel
  api=4 insize=29386 outsize=970 ok=1
Cmd: compileComputeKernel
  api=4 insize=29386 outsize=1032 ok=1
Cmd: compileComputeKernel
  api=4 insize=29386 outsize=759 ok=1
Cmd: compileComputeKernel
  api=4 insize=29386 outsize=1023 ok=1
Cmd: compileComputeKernel
  api=4 insize=29386 outsize=677 ok=1
Cmd: compileComputeKernel
  api=4 insize=29386 outsize=677 ok=1
Cmd: compileComputeKernel
  api=4 insize=29386 outsize=674 ok=1
Cmd: compileComputeKernel
  api=4 insize=29386 outsize=759 ok=1
Cmd: compileComputeKernel
  api=4 insize=29386 outsize=716 ok=1
Cmd: compileComputeKernel
  api=4 insize=29386 outsize=811 ok=1
Cmd: compileComputeKernel
  api=4 insize=29386 outsize=1287 ok=1
Cmd: compileComputeKernel
  api=4 insize=29386 outsize=1293 ok=1
Cmd: compileComputeKernel
  api=4 insize=29386 outsize=1519 ok=1
Cmd: compileComputeKernel
  api=4 insize=29386 outsize=1492 ok=1
Cmd: compileComputeKernel
  api=4 insize=29386 outsize=1341 ok=1
Cmd: compileComputeKernel
  api=4 insize=29386 outsize=1315 ok=1
Cmd: compileComputeKernel
  api=4 insize=29386 outsize=1354 ok=1
Cmd: compileComputeKernel
  api=4 insize=29386 outsize=1306 ok=1
Cmd: compileComputeKernel
  api=4 insize=29386 outsize=1243 ok=1
Cmd: compileComputeKernel
  api=4 insize=29386 outsize=1256 ok=1
Cmd: compileComputeKernel
  api=4 insize=29386 outsize=1216 ok=1
Cmd: compileComputeKernel
  api=4 insize=29386 outsize=1301 ok=1
Cmd: compileComputeKernel
  api=4 insize=29386 outsize=1382 ok=1
Cmd: compileComputeKernel
  api=4 insize=29386 outsize=1319 ok=1
Cmd: compileComputeKernel
  api=9 insize=24335 outsize=5643 ok=1
Cmd: compileComputeKernel
  api=9 insize=24335 outsize=17898 ok=1
Cmd: compileComputeKernel
  api=9 insize=24335 outsize=6456 ok=1
Cmd: compileComputeKernel
  api=18 insize=24335 outsize=30308 ok=1
Cmd: compileComputeKernel
  api=18 insize=24335 outsize=33253 ok=1
Cmd: compileComputeKernel
  api=4 insize=24335 outsize=2679 ok=1
Cmd: compileComputeKernel
  api=4 insize=24335 outsize=6224 ok=1
Cmd: compileComputeKernel
  api=4 insize=24335 outsize=10712 ok=1
Cmd: compileComputeKernel
  api=18 insize=4081 outsize=7778 ok=1
Cmd: compileComputeKernel
  api=9 insize=4081 outsize=2963 ok=1
Cmd: compileComputeKernel
  api=4 insize=4081 outsize=1585 ok=1
Cmd: compileComputeKernel
  api=4 insize=4081 outsize=1710 ok=1
Cmd: compileComputeKernel
  api=9 insize=1810 outsize=6205 ok=1
