Base path: 'D:/Unity Setup (2)/2019.3.9f1/Editor/Data', plugins path 'D:/Unity Setup (2)/2019.3.9f1/Editor/Data/PlaybackEngines'
Cmd: initializeCompiler
Cmd: initializeCompiler
Cmd: preprocessCompute
  insize=12426 outsize=12470 ok=1
Cmd: compileComputeKernel
  api=18 insize=12470 outsize=4734 ok=1
Cmd: compileComputeKernel
  api=18 insize=12470 outsize=4503 ok=1
Cmd: compileComputeKernel
  api=18 insize=12470 outsize=4679 ok=1
Cmd: compileComputeKernel
  api=18 insize=12470 outsize=4798 ok=1
Cmd: compileComputeKernel
  api=18 insize=12470 outsize=5010 ok=1
Cmd: compileComputeKernel
  api=18 insize=12470 outsize=7283 ok=1
Cmd: compileComputeKernel
  api=18 insize=12470 outsize=7068 ok=1
Cmd: compileComputeKernel
  api=18 insize=12470 outsize=7544 ok=1
Cmd: compileComputeKernel
  api=18 insize=12470 outsize=7483 ok=1
Cmd: compileComputeKernel
  api=18 insize=12470 outsize=6563 ok=1
Cmd: compileComputeKernel
  api=18 insize=12470 outsize=10551 ok=1
Cmd: compileComputeKernel
  api=18 insize=12470 outsize=9654 ok=1
Cmd: preprocessCompute
  insize=12456 outsize=12520 ok=1
Cmd: compileComputeKernel
  api=18 insize=12520 outsize=7311 ok=1
Cmd: compileComputeKernel
  api=18 insize=12520 outsize=7295 ok=1
Cmd: compileComputeKernel
  api=18 insize=12520 outsize=8751 ok=1
Cmd: compileComputeKernel
  api=18 insize=12520 outsize=7303 ok=1
Cmd: compileComputeKernel
  api=18 insize=12520 outsize=7367 ok=1
Cmd: compileComputeKernel
  api=18 insize=12520 outsize=7372 ok=1
Cmd: compileComputeKernel
  api=18 insize=12520 outsize=7369 ok=1
Cmd: compileComputeKernel
  api=18 insize=12520 outsize=7365 ok=1
Cmd: compileComputeKernel
  api=18 insize=12520 outsize=8010 ok=1
Cmd: compileComputeKernel
  api=9 insize=12520 outsize=3939 ok=1
Cmd: compileComputeKernel
  api=9 insize=12520 outsize=3942 ok=1
Cmd: preprocessCompute
  insize=20307 outsize=20339 ok=1
Cmd: compileComputeKernel
  api=18 insize=20339 outsize=8593 ok=1
Cmd: compileComputeKernel
  api=18 insize=20339 outsize=14379 ok=1
Cmd: compileComputeKernel
  api=18 insize=20339 outsize=14268 ok=1
Cmd: compileComputeKernel
  api=18 insize=20339 outsize=23293 ok=1
Cmd: compileComputeKernel
  api=9 insize=20339 outsize=4224 ok=1
Cmd: compileComputeKernel
  api=9 insize=20339 outsize=7050 ok=1
Cmd: compileComputeKernel
  api=9 insize=20339 outsize=6904 ok=1
Cmd: compileComputeKernel
  api=9 insize=20339 outsize=10952 ok=1
Cmd: compileComputeKernel
  api=4 insize=20339 outsize=2963 ok=1
Cmd: compileComputeKernel
  api=4 insize=20339 outsize=2903 ok=1
Cmd: compileComputeKernel
  api=4 insize=20339 outsize=5077 ok=1
Cmd: preprocessCompute
  insize=60878 outsize=61144 ok=1
Cmd: compileComputeKernel
  api=18 insize=61144 outsize=12306 ok=1
Cmd: compileComputeKernel
  api=18 insize=61144 outsize=11692 ok=1
Cmd: compileComputeKernel
  api=18 insize=61144 outsize=12396 ok=1
Cmd: compileComputeKernel
  api=18 insize=61144 outsize=6995 ok=1
Cmd: compileComputeKernel
  api=18 insize=61144 outsize=10171 ok=1
Cmd: compileComputeKernel
  api=18 insize=61144 outsize=7797 ok=1
Cmd: compileComputeKernel
  api=18 insize=61144 outsize=9185 ok=1
Cmd: compileComputeKernel
  api=18 insize=61144 outsize=6283 ok=1
Cmd: compileComputeKernel
  api=18 insize=61144 outsize=7373 ok=1
Cmd: compileComputeKernel
  api=18 insize=61144 outsize=13131 ok=1
Cmd: compileComputeKernel
  api=18 insize=61144 outsize=5974 ok=1
Cmd: compileComputeKernel
  api=18 insize=61144 outsize=7219 ok=1
Cmd: compileComputeKernel
  api=18 insize=61144 outsize=6568 ok=1
Cmd: compileComputeKernel
  api=18 insize=61144 outsize=6049 ok=1
Cmd: compileComputeKernel
  api=18 insize=61144 outsize=6429 ok=1
Cmd: compileComputeKernel
  api=18 insize=61144 outsize=6583 ok=1
Cmd: compileComputeKernel
  api=18 insize=61144 outsize=6019 ok=1
Cmd: compileComputeKernel
  api=18 insize=61144 outsize=7605 ok=1
Cmd: compileComputeKernel
  api=18 insize=61144 outsize=6264 ok=1
Cmd: compileComputeKernel
  api=18 insize=61144 outsize=8051 ok=1
Cmd: compileComputeKernel
  api=18 insize=61144 outsize=8051 ok=1
Cmd: compileComputeKernel
  api=18 insize=61144 outsize=8059 ok=1
Cmd: compileComputeKernel
  api=18 insize=61144 outsize=8059 ok=1
Cmd: compileComputeKernel
  api=18 insize=61144 outsize=8128 ok=1
Cmd: compileComputeKernel
  api=18 insize=61144 outsize=8120 ok=1
Cmd: compileComputeKernel
  api=18 insize=61144 outsize=8121 ok=1
Cmd: compileComputeKernel
  api=18 insize=61144 outsize=8734 ok=1
Cmd: compileComputeKernel
  api=18 insize=61144 outsize=6101 ok=1
Cmd: compileComputeKernel
  api=18 insize=61144 outsize=6326 ok=1
Cmd: compileComputeKernel
  api=18 insize=61144 outsize=10150 ok=1
Cmd: compileComputeKernel
  api=18 insize=61144 outsize=13892 ok=1
Cmd: compileComputeKernel
  api=18 insize=61144 outsize=6581 ok=1
Cmd: compileComputeKernel
  api=18 insize=61144 outsize=8058 ok=1
Cmd: compileComputeKernel
  api=18 insize=61144 outsize=10585 ok=1
Cmd: compileComputeKernel
  api=9 insize=61144 outsize=6381 ok=1
Cmd: compileComputeKernel
  api=9 insize=61144 outsize=3014 ok=1
Cmd: compileComputeKernel
  api=9 insize=61144 outsize=3496 ok=1
Cmd: compileComputeKernel
  api=9 insize=61144 outsize=3338 ok=1
Cmd: compileComputeKernel
  api=9 insize=61144 outsize=3043 ok=1
Cmd: compileComputeKernel
  api=9 insize=61144 outsize=3095 ok=1
Cmd: compileComputeKernel
  api=9 insize=61144 outsize=3331 ok=1
Cmd: compileComputeKernel
  api=9 insize=61144 outsize=3041 ok=1
Cmd: compileComputeKernel
  api=9 insize=61144 outsize=3740 ok=1
Cmd: compileComputeKernel
  api=9 insize=61144 outsize=3106 ok=1
Cmd: compileComputeKernel
  api=9 insize=61144 outsize=4198 ok=1
Cmd: compileComputeKernel
  api=9 insize=61144 outsize=4198 ok=1
Cmd: compileComputeKernel
  api=9 insize=61144 outsize=4963 ok=1
Cmd: compileComputeKernel
  api=9 insize=61144 outsize=4202 ok=1
Cmd: compileComputeKernel
  api=9 insize=61144 outsize=4242 ok=1
Cmd: compileComputeKernel
  api=9 insize=61144 outsize=4239 ok=1
Cmd: compileComputeKernel
  api=9 insize=61144 outsize=4241 ok=1
Cmd: compileComputeKernel
  api=9 insize=61144 outsize=4484 ok=1
Cmd: compileComputeKernel
  api=9 insize=61144 outsize=3048 ok=1
Cmd: compileComputeKernel
  api=9 insize=61144 outsize=2995 ok=1
Cmd: compileComputeKernel
  api=9 insize=61144 outsize=2979 ok=1
Cmd: compileComputeKernel
  api=9 insize=61144 outsize=2980 ok=1
Cmd: compileComputeKernel
  api=9 insize=61144 outsize=7214 ok=1
Cmd: compileComputeKernel
  api=9 insize=61144 outsize=3458 ok=1
Cmd: compileComputeKernel
  api=9 insize=61144 outsize=4051 ok=1
Cmd: compileComputeKernel
  api=9 insize=61144 outsize=5349 ok=1
Cmd: compileComputeKernel
  api=4 insize=61144 outsize=2850 ok=1
Cmd: compileComputeKernel
  api=4 insize=61144 outsize=1364 ok=1
Cmd: compileComputeKernel
  api=4 insize=61144 outsize=1819 ok=1
Cmd: compileComputeKernel
  api=4 insize=61144 outsize=1823 ok=1
Cmd: compileComputeKernel
  api=4 insize=61144 outsize=1819 ok=1
Cmd: compileComputeKernel
  api=4 insize=61144 outsize=1819 ok=1
Cmd: compileComputeKernel
  api=4 insize=61144 outsize=1851 ok=1
Cmd: compileComputeKernel
  api=4 insize=61144 outsize=1851 ok=1
Cmd: compileComputeKernel
  api=4 insize=61144 outsize=1853 ok=1
Cmd: compileComputeKernel
  api=4 insize=61144 outsize=1997 ok=1
Cmd: compileComputeKernel
  api=4 insize=61144 outsize=1326 ok=1
Cmd: compileComputeKernel
  api=4 insize=61144 outsize=1341 ok=1
Cmd: compileComputeKernel
  api=4 insize=61144 outsize=1346 ok=1
Cmd: compileComputeKernel
  api=4 insize=61144 outsize=2178 ok=1
Cmd: compileComputeKernel
  api=4 insize=61144 outsize=3836 ok=1
Cmd: compileComputeKernel
  api=4 insize=61144 outsize=1680 ok=1
Cmd: compileComputeKernel
  api=4 insize=61144 outsize=1427 ok=1
Cmd: compileComputeKernel
  api=4 insize=61144 outsize=2477 ok=1
Cmd: preprocessCompute
  insize=75377 outsize=75405 ok=1
Cmd: compileComputeKernel
  api=18 insize=75405 outsize=11993 ok=1
Cmd: compileComputeKernel
  api=18 insize=75405 outsize=35533 ok=1
Cmd: compileComputeKernel
  api=18 insize=75405 outsize=23090 ok=1
Cmd: compileComputeKernel
  api=18 insize=75405 outsize=26020 ok=1
Cmd: compileComputeKernel
  api=9 insize=75405 outsize=16789 ok=1
Cmd: compileComputeKernel
  api=9 insize=75405 outsize=9802 ok=1
Cmd: compileComputeKernel
  api=9 insize=75405 outsize=11238 ok=1
Cmd: compileComputeKernel
  api=4 insize=75405 outsize=7773 ok=1
Cmd: compileComputeKernel
  api=4 insize=75405 outsize=5020 ok=1
Cmd: compileComputeKernel
  api=4 insize=75405 outsize=3656 ok=1
Cmd: compileComputeKernel
  api=4 insize=75405 outsize=3656 ok=1
Cmd: compileComputeKernel
  api=4 insize=75405 outsize=6472 ok=1
Cmd: preprocessCompute
  insize=34613 outsize=34823 ok=1
Cmd: compileComputeKernel
  api=18 insize=34823 outsize=3200 ok=1
Cmd: compileComputeKernel
  api=18 insize=34823 outsize=3445 ok=1
Cmd: compileComputeKernel
  api=18 insize=34823 outsize=4230 ok=1
Cmd: compileComputeKernel
  api=18 insize=34823 outsize=3794 ok=1
Cmd: compileComputeKernel
  api=18 insize=34823 outsize=2671 ok=1
Cmd: compileComputeKernel
  api=18 insize=34823 outsize=3604 ok=1
Cmd: compileComputeKernel
  api=18 insize=34823 outsize=3385 ok=1
Cmd: compileComputeKernel
  api=18 insize=34823 outsize=2397 ok=1
Cmd: compileComputeKernel
  api=18 insize=34823 outsize=3488 ok=1
Cmd: compileComputeKernel
  api=18 insize=34823 outsize=3646 ok=1
Cmd: compileComputeKernel
  api=18 insize=34823 outsize=5436 ok=1
Cmd: compileComputeKernel
  api=18 insize=34823 outsize=5509 ok=1
Cmd: compileComputeKernel
  api=18 insize=34823 outsize=7549 ok=1
Cmd: compileComputeKernel
  api=18 insize=34823 outsize=6043 ok=1
Cmd: compileComputeKernel
  api=18 insize=34823 outsize=6028 ok=1
Cmd: compileComputeKernel
  api=18 insize=34823 outsize=5641 ok=1
Cmd: compileComputeKernel
  api=18 insize=34823 outsize=5842 ok=1
Cmd: compileComputeKernel
  api=18 insize=34823 outsize=5796 ok=1
Cmd: compileComputeKernel
  api=18 insize=34823 outsize=6074 ok=1
Cmd: compileComputeKernel
  api=18 insize=34823 outsize=5619 ok=1
Cmd: compileComputeKernel
  api=18 insize=34823 outsize=5479 ok=1
Cmd: compileComputeKernel
  api=18 insize=34823 outsize=5479 ok=1
Cmd: compileComputeKernel
  api=18 insize=34823 outsize=5416 ok=1
Cmd: compileComputeKernel
  api=18 insize=34823 outsize=5806 ok=1
Cmd: compileComputeKernel
  api=18 insize=34823 outsize=6663 ok=1
Cmd: compileComputeKernel
  api=18 insize=34823 outsize=5655 ok=1
Cmd: compileComputeKernel
  api=9 insize=34823 outsize=1445 ok=1
Cmd: compileComputeKernel
  api=9 insize=34823 outsize=1893 ok=1
Cmd: compileComputeKernel
  api=9 insize=34823 outsize=3324 ok=1
Cmd: compileComputeKernel
  api=9 insize=34823 outsize=2935 ok=1
Cmd: preprocessCompute
  insize=76714 outsize=76772 ok=1
Cmd: compileComputeKernel
  api=18 insize=76772 outsize=11127 ok=1
Cmd: compileComputeKernel
  api=18 insize=76772 outsize=51776 ok=1
Cmd: compileComputeKernel
  api=18 insize=76772 outsize=73214 ok=1
Cmd: compileComputeKernel
  api=18 insize=76772 outsize=82093 ok=1
Cmd: compileComputeKernel
  api=18 insize=76772 outsize=98734 ok=1
Cmd: compileComputeKernel
  api=9 insize=76772 outsize=44575 ok=1
Cmd: compileComputeKernel
  api=9 insize=76772 outsize=63429 ok=1
Cmd: compileComputeKernel
  api=9 insize=76772 outsize=8992 ok=1
Cmd: compileComputeKernel
  api=9 insize=76772 outsize=9025 ok=1
Cmd: compileComputeKernel
  api=9 insize=76772 outsize=6570 ok=1
Cmd: compileComputeKernel
  api=9 insize=76772 outsize=6571 ok=1
Cmd: compileComputeKernel
  api=9 insize=76772 outsize=7946 ok=1
Cmd: compileComputeKernel
  api=9 insize=76772 outsize=7937 ok=1
Cmd: compileComputeKernel
  api=9 insize=76772 outsize=24881 ok=1
Cmd: compileComputeKernel
  api=4 insize=76772 outsize=6364 ok=1
Cmd: compileComputeKernel
  api=4 insize=76772 outsize=12292 ok=1
Cmd: compileComputeKernel
  api=4 insize=76772 outsize=11353 ok=1
Cmd: compileComputeKernel
  api=4 insize=76772 outsize=26462 ok=1
Cmd: compileComputeKernel
  api=4 insize=76772 outsize=23646 ok=1
Cmd: compileComputeKernel
  api=4 insize=76772 outsize=1572 ok=1
Cmd: compileComputeKernel
  api=4 insize=76772 outsize=2025 ok=1
Cmd: compileComputeKernel
  api=4 insize=76772 outsize=1961 ok=1
Cmd: compileComputeKernel
  api=4 insize=76772 outsize=5359 ok=1
Cmd: compileComputeKernel
  api=4 insize=76772 outsize=12876 ok=1
Cmd: preprocessCompute
  insize=4582 outsize=4598 ok=1
Cmd: compileComputeKernel
  api=18 insize=4598 outsize=6634 ok=1
Cmd: compileComputeKernel
  api=18 insize=4598 outsize=5885 ok=1
Cmd: compileComputeKernel
  api=18 insize=4598 outsize=7788 ok=1
Cmd: compileComputeKernel
  api=18 insize=4598 outsize=7990 ok=1
Cmd: preprocessCompute
  insize=1967 outsize=1971 ok=1
Cmd: compileComputeKernel
  api=9 insize=1971 outsize=6232 ok=1
Cmd: initializeCompiler
Cmd: preprocessCompute
  insize=7938 outsize=7960 ok=1
Cmd: compileComputeKernel
  api=18 insize=7960 outsize=4565 ok=1
Cmd: compileComputeKernel
  api=18 insize=7960 outsize=4334 ok=1
Cmd: compileComputeKernel
  api=18 insize=7960 outsize=5935 ok=1
Cmd: compileComputeKernel
  api=18 insize=7960 outsize=6143 ok=1
Cmd: compileComputeKernel
  api=18 insize=7960 outsize=5715 ok=1
Cmd: compileComputeKernel
  api=9 insize=7960 outsize=2493 ok=1
Cmd: compileComputeKernel
  api=9 insize=7960 outsize=2591 ok=1
Cmd: compileComputeKernel
  api=9 insize=7960 outsize=3164 ok=1
Cmd: compileComputeKernel
  api=9 insize=7960 outsize=3262 ok=1
Cmd: preprocessCompute
  insize=9889 outsize=9919 ok=1
Cmd: compileComputeKernel
  api=18 insize=9919 outsize=7275 ok=1
Cmd: compileComputeKernel
  api=18 insize=9919 outsize=8731 ok=1
Cmd: compileComputeKernel
  api=18 insize=9919 outsize=7344 ok=1
Cmd: compileComputeKernel
  api=18 insize=9919 outsize=7990 ok=1
Cmd: compileComputeKernel
  api=9 insize=9919 outsize=3958 ok=1
Cmd: preprocessCompute
  insize=7323 outsize=7335 ok=1
Cmd: compileComputeKernel
  api=18 insize=7335 outsize=7660 ok=1
Cmd: compileComputeKernel
  api=18 insize=7335 outsize=5682 ok=1
Cmd: compileComputeKernel
  api=9 insize=7335 outsize=3624 ok=1
Cmd: compileComputeKernel
  api=9 insize=7335 outsize=2989 ok=1
Cmd: compileComputeKernel
  api=4 insize=7335 outsize=2040 ok=1
Cmd: compileComputeKernel
  api=4 insize=7335 outsize=1699 ok=1
Cmd: compileComputeKernel
  api=4 insize=7335 outsize=2550 ok=1
Cmd: preprocessCompute
  insize=44214 outsize=44336 ok=1
Cmd: compileComputeKernel
  error: 1 plat 18 at Tensor.cginc(141): use of potentially uninitialized variable (ReadonlyTensor::SafeGet)
  api=18 insize=44336 outsize=12034 ok=1
Cmd: compileComputeKernel
  api=18 insize=44336 outsize=6578 ok=1
Cmd: compileComputeKernel
  api=18 insize=44336 outsize=5554 ok=1
Cmd: compileComputeKernel
  api=18 insize=44336 outsize=6992 ok=1
Cmd: compileComputeKernel
  api=18 insize=44336 outsize=11427 ok=1
Cmd: compileComputeKernel
  api=18 insize=44336 outsize=5668 ok=1
Cmd: compileComputeKernel
  api=18 insize=44336 outsize=5778 ok=1
Cmd: compileComputeKernel
  api=18 insize=44336 outsize=5638 ok=1
Cmd: compileComputeKernel
  api=18 insize=44336 outsize=5638 ok=1
Cmd: compileComputeKernel
  api=18 insize=44336 outsize=5883 ok=1
Cmd: compileComputeKernel
  api=18 insize=44336 outsize=7839 ok=1
Cmd: compileComputeKernel
  api=18 insize=44336 outsize=7831 ok=1
Cmd: compileComputeKernel
  api=18 insize=44336 outsize=7892 ok=1
Cmd: compileComputeKernel
  api=18 insize=44336 outsize=8521 ok=1
Cmd: compileComputeKernel
  api=18 insize=44336 outsize=5661 ok=1
Cmd: compileComputeKernel
  api=18 insize=44336 outsize=5712 ok=1
Cmd: compileComputeKernel
  api=18 insize=44336 outsize=9791 ok=1
Cmd: compileComputeKernel
  api=18 insize=44336 outsize=6941 ok=1
Cmd: compileComputeKernel
  api=18 insize=44336 outsize=7724 ok=1
Cmd: compileComputeKernel
  api=9 insize=44336 outsize=5592 ok=1
Cmd: compileComputeKernel
  api=9 insize=44336 outsize=6706 ok=1
Cmd: compileComputeKernel
  api=9 insize=44336 outsize=2915 ok=1
Cmd: compileComputeKernel
  api=9 insize=44336 outsize=3058 ok=1
Cmd: compileComputeKernel
  api=9 insize=44336 outsize=3520 ok=1
Cmd: compileComputeKernel
  api=9 insize=44336 outsize=3314 ok=1
Cmd: compileComputeKernel
  api=9 insize=44336 outsize=2909 ok=1
Cmd: compileComputeKernel
  api=9 insize=44336 outsize=2863 ok=1
Cmd: compileComputeKernel
  api=9 insize=44336 outsize=2994 ok=1
Cmd: preprocessCompute
  insize=64064 outsize=64076 ok=1
Cmd: compileComputeKernel
  api=18 insize=64076 outsize=11633 ok=1
Cmd: compileComputeKernel
  api=18 insize=64076 outsize=18492 ok=1
Cmd: compileComputeKernel
  api=18 insize=64076 outsize=20290 ok=1
Cmd: compileComputeKernel
  api=9 insize=64076 outsize=15416 ok=1
Cmd: preprocessCompute
  insize=29208 outsize=29386 ok=1
Cmd: compileComputeKernel
  api=18 insize=29386 outsize=3364 ok=1
Cmd: compileComputeKernel
  api=18 insize=29386 outsize=3391 ok=1
Cmd: compileComputeKernel
  api=18 insize=29386 outsize=3393 ok=1
Cmd: compileComputeKernel
  api=18 insize=29386 outsize=3757 ok=1
Cmd: compileComputeKernel
  api=18 insize=29386 outsize=3382 ok=1
Cmd: compileComputeKernel
  api=18 insize=29386 outsize=3598 ok=1
Cmd: compileComputeKernel
  api=18 insize=29386 outsize=3552 ok=1
Cmd: compileComputeKernel
  api=18 insize=29386 outsize=3915 ok=1
Cmd: compileComputeKernel
  api=18 insize=29386 outsize=2397 ok=1
Cmd: compileComputeKernel
  api=18 insize=29386 outsize=3436 ok=1
Cmd: compileComputeKernel
  api=18 insize=29386 outsize=3495 ok=1
Cmd: compileComputeKernel
  api=18 insize=29386 outsize=5564 ok=1
Cmd: compileComputeKernel
  api=18 insize=29386 outsize=7492 ok=1
Cmd: compileComputeKernel
  api=18 insize=29386 outsize=5971 ok=1
Cmd: compileComputeKernel
  api=18 insize=29386 outsize=5737 ok=1
Cmd: compileComputeKernel
  api=18 insize=29386 outsize=5691 ok=1
Cmd: compileComputeKernel
  api=18 insize=29386 outsize=5562 ok=1
Cmd: compileComputeKernel
  api=18 insize=29386 outsize=5422 ok=1
Cmd: compileComputeKernel
  api=18 insize=29386 outsize=5422 ok=1
Cmd: compileComputeKernel
  api=18 insize=29386 outsize=5512 ok=1
Cmd: compileComputeKernel
  api=18 insize=29386 outsize=6645 ok=1
Cmd: compileComputeKernel
  api=9 insize=29386 outsize=1445 ok=1
Cmd: preprocessCompute
  insize=24319 outsize=24335 ok=1
Cmd: compileComputeKernel
  api=9 insize=24335 outsize=13291 ok=1
Cmd: compileComputeKernel
  api=9 insize=24335 outsize=8629 ok=1
Cmd: compileComputeKernel
  api=9 insize=24335 outsize=7656 ok=1
Cmd: compileComputeKernel
  api=18 insize=24335 outsize=39088 ok=1
Cmd: compileComputeKernel
  api=4 insize=24335 outsize=12496 ok=1
Cmd: preprocessCompute
  insize=4073 outsize=4081 ok=1
Cmd: compileComputeKernel
  api=18 insize=4081 outsize=6621 ok=1
Cmd: preprocessCompute
  insize=1808 outsize=1810 ok=1
